#
# There is insufficient memory for the Java Runtime Environment to continue.
# Native memory allocation (malloc) failed to allocate 1839856 bytes for Chunk::new
# Possible reasons:
#   The system is out of physical RAM or swap space
#   The process is running with CompressedOops enabled, and the Java Heap may be blocking the growth of the native heap
# Possible solutions:
#   Reduce memory load on the system
#   Increase physical memory or swap space
#   Check if swap backing store is full
#   Decrease Java heap size (-Xmx/-Xms)
#   Decrease number of Java threads
#   Decrease Java thread stack sizes (-Xss)
#   Set larger code cache with -XX:ReservedCodeCacheSize=
#   JVM is running with Unscaled Compressed Oops mode in which the Java heap is
#     placed in the first 4GB address space. The Java Heap base address is the
#     maximum limit for the native heap growth. Please use -XX:HeapBaseMinAddress
#     to set the Java Heap base and to place the Java Heap above 4GB virtual address.
# This output file may be truncated or incomplete.
#
#  Out of Memory Error (arena.cpp:189), pid=102756, tid=88180
#
# JRE version: OpenJDK Runtime Environment (17.0.6) (build 17.0.6+0-b2043.56-9586694)
# Java VM: OpenJDK 64-Bit Server VM (17.0.6+0-b2043.56-9586694, mixed mode, tiered, compressed oops, compressed class ptrs, g1 gc, windows-amd64)
# No core dump will be written. Minidumps are not enabled by default on client versions of Windows
#

---------------  S U M M A R Y ------------

Command Line: --add-opens=java.base/java.util=ALL-UNNAMED --add-opens=java.base/java.lang=ALL-UNNAMED --add-opens=java.base/java.lang.invoke=ALL-UNNAMED --add-opens=java.prefs/java.util.prefs=ALL-UNNAMED --add-opens=java.base/java.nio.charset=ALL-UNNAMED --add-opens=java.base/java.net=ALL-UNNAMED --add-opens=java.base/java.util.concurrent.atomic=ALL-UNNAMED -Xmx2048m -Dfile.encoding=UTF-8 -Duser.country=GB -Duser.language=en -Duser.variant org.gradle.launcher.daemon.bootstrap.GradleDaemon 8.0

Host: Intel(R) Core(TM) i5-1035G1 CPU @ 1.00GHz, 8 cores, 7G,  Windows 11 , 64 bit Build 22000 (10.0.22000.2003)
Time: Sun Jun 25 01:25:23 2023 E. Africa Standard Time elapsed time: 19752.595231 seconds (0d 5h 29m 12s)

---------------  T H R E A D  ---------------

Current thread (0x000001e67486a200):  JavaThread "C2 CompilerThread0" daemon [_thread_in_native, id=88180, stack(0x0000001169800000,0x0000001169900000)]


Current CompileTask:
C2:19752595 34209       4       java.util.jar.JarFile::getManifest (5 bytes)

Stack: [0x0000001169800000,0x0000001169900000]
Native frames: (J=compiled Java code, j=interpreted, Vv=VM code, C=native code)
V  [jvm.dll+0x683b4a]
V  [jvm.dll+0x842654]
V  [jvm.dll+0x843dfe]
V  [jvm.dll+0x844463]
V  [jvm.dll+0x249b75]
V  [jvm.dll+0xabcac]
V  [jvm.dll+0xac27c]
V  [jvm.dll+0x368802]
V  [jvm.dll+0x332f31]
V  [jvm.dll+0x3323da]
V  [jvm.dll+0x21c201]
V  [jvm.dll+0x21b621]
V  [jvm.dll+0x1a4fdd]
V  [jvm.dll+0x22b098]
V  [jvm.dll+0x229159]
V  [jvm.dll+0x7f809c]
V  [jvm.dll+0x7f25fa]
V  [jvm.dll+0x682985]
C  [ucrtbase.dll+0x26c0c]
C  [KERNEL32.DLL+0x155a0]
C  [ntdll.dll+0x485b]


---------------  P R O C E S S  ---------------

Threads class SMR info:
_java_thread_list=0x000001e67c324ed0, length=62, elements={
0x000001e659f4d400, 0x000001e67481d650, 0x000001e67481e2e0, 0x000001e6748545d0,
0x000001e6748660b0, 0x000001e674866970, 0x000001e674867230, 0x000001e67486a200,
0x000001e67486ab00, 0x000001e67486b400, 0x000001e674a18010, 0x000001e674a1cd10,
0x000001e675ec1cd0, 0x000001e674b77d70, 0x000001e676d24980, 0x000001e674dbbbe0,
0x000001e674dbd8c0, 0x000001e674dbc580, 0x000001e674dbdd90, 0x000001e674dbe260,
0x000001e674dbca50, 0x000001e678bc66c0, 0x000001e678bc3b70, 0x000001e678bc7530,
0x000001e678bc5380, 0x000001e678bc7ed0, 0x000001e678bc0b50, 0x000001e674a5ef20,
0x000001e674a62db0, 0x000001e674a5fd90, 0x000001e674a5e580, 0x000001e603887570,
0x000001e602e3c060, 0x000001e603f3f110, 0x000001e603f3f5e0, 0x000001e602e399e0,
0x000001e602e3ca00, 0x000001e6777d5b30, 0x000001e6777d4320, 0x000001e6777d8b50,
0x000001e6777d17d0, 0x000001e6777d7ce0, 0x000001e6777d1300, 0x000001e6777d1ca0,
0x000001e6777d5190, 0x000001e6777d2b10, 0x000001e6777d5660, 0x000001e6777d81b0,
0x000001e6777d6000, 0x000001e6777d8680, 0x000001e6777d64d0, 0x000001e6777d69a0,
0x000001e6777d2170, 0x000001e6777d2640, 0x000001e67d997fc0, 0x000001e67d99a170,
0x000001e67d997150, 0x000001e67d996c80, 0x000001e67d998490, 0x000001e67d999ca0,
0x000001e67d997620, 0x000001e67d99b4b0
}

Java Threads: ( => current thread )
  0x000001e659f4d400 JavaThread "main" [_thread_blocked, id=96764, stack(0x0000001168b00000,0x0000001168c00000)]
  0x000001e67481d650 JavaThread "Reference Handler" daemon [_thread_blocked, id=90152, stack(0x0000001169200000,0x0000001169300000)]
  0x000001e67481e2e0 JavaThread "Finalizer" daemon [_thread_blocked, id=74376, stack(0x0000001169300000,0x0000001169400000)]
  0x000001e6748545d0 JavaThread "Signal Dispatcher" daemon [_thread_blocked, id=104264, stack(0x0000001169400000,0x0000001169500000)]
  0x000001e6748660b0 JavaThread "Attach Listener" daemon [_thread_blocked, id=88184, stack(0x0000001169500000,0x0000001169600000)]
  0x000001e674866970 JavaThread "Service Thread" daemon [_thread_blocked, id=106240, stack(0x0000001169600000,0x0000001169700000)]
  0x000001e674867230 JavaThread "Monitor Deflation Thread" daemon [_thread_blocked, id=101064, stack(0x0000001169700000,0x0000001169800000)]
=>0x000001e67486a200 JavaThread "C2 CompilerThread0" daemon [_thread_in_native, id=88180, stack(0x0000001169800000,0x0000001169900000)]
  0x000001e67486ab00 JavaThread "C1 CompilerThread0" daemon [_thread_blocked, id=92444, stack(0x0000001169900000,0x0000001169a00000)]
  0x000001e67486b400 JavaThread "Sweeper thread" daemon [_thread_blocked, id=102656, stack(0x0000001169a00000,0x0000001169b00000)]
  0x000001e674a18010 JavaThread "Common-Cleaner" daemon [_thread_blocked, id=103980, stack(0x0000001169b00000,0x0000001169c00000)]
  0x000001e674a1cd10 JavaThread "Notification Thread" daemon [_thread_blocked, id=102932, stack(0x0000001169c00000,0x0000001169d00000)]
  0x000001e675ec1cd0 JavaThread "Daemon health stats" [_thread_blocked, id=101028, stack(0x000000116a200000,0x000000116a300000)]
  0x000001e674b77d70 JavaThread "Incoming local TCP Connector on port 50063" [_thread_in_native, id=102436, stack(0x000000116a300000,0x000000116a400000)]
  0x000001e676d24980 JavaThread "Daemon periodic checks" [_thread_blocked, id=91944, stack(0x000000116a400000,0x000000116a500000)]
  0x000001e674dbbbe0 JavaThread "Cache worker for journal cache (C:\Users\LENOVO\.gradle\caches\journal-1)" [_thread_blocked, id=96408, stack(0x000000116b000000,0x000000116b100000)]
  0x000001e674dbd8c0 JavaThread "File lock request listener" [_thread_in_native, id=103040, stack(0x000000116b100000,0x000000116b200000)]
  0x000001e674dbc580 JavaThread "Cache worker for file hash cache (C:\Users\LENOVO\.gradle\caches\8.0\fileHashes)" [_thread_blocked, id=103828, stack(0x000000116b200000,0x000000116b300000)]
  0x000001e674dbdd90 JavaThread "File watcher server" daemon [_thread_in_native, id=91288, stack(0x000000116b300000,0x000000116b400000)]
  0x000001e674dbe260 JavaThread "File watcher consumer" daemon [_thread_blocked, id=105428, stack(0x000000116b400000,0x000000116b500000)]
  0x000001e674dbca50 JavaThread "Cache worker for file content cache (C:\Users\LENOVO\.gradle\caches\8.0\fileContent)" [_thread_blocked, id=104472, stack(0x000000116b700000,0x000000116b800000)]
  0x000001e678bc66c0 JavaThread "Cache worker for execution history cache (C:\Users\LENOVO\.gradle\caches\8.0\executionHistory)" [_thread_blocked, id=67552, stack(0x000000116ba00000,0x000000116bb00000)]
  0x000001e678bc3b70 JavaThread "jar transforms" [_thread_blocked, id=56396, stack(0x000000116bb00000,0x000000116bc00000)]
  0x000001e678bc7530 JavaThread "jar transforms Thread 2" [_thread_blocked, id=91844, stack(0x000000116bc00000,0x000000116bd00000)]
  0x000001e678bc5380 JavaThread "jar transforms Thread 3" [_thread_blocked, id=103652, stack(0x000000116bd00000,0x000000116be00000)]
  0x000001e678bc7ed0 JavaThread "jar transforms Thread 4" [_thread_blocked, id=93660, stack(0x000000116be00000,0x000000116bf00000)]
  0x000001e678bc0b50 JavaThread "jar transforms Thread 5" [_thread_blocked, id=97736, stack(0x000000116c000000,0x000000116c100000)]
  0x000001e674a5ef20 JavaThread "jar transforms Thread 6" [_thread_blocked, id=102872, stack(0x0000001171300000,0x0000001171400000)]
  0x000001e674a62db0 JavaThread "jar transforms Thread 7" [_thread_blocked, id=95704, stack(0x0000001171400000,0x0000001171500000)]
  0x000001e674a5fd90 JavaThread "jar transforms Thread 8" [_thread_blocked, id=105800, stack(0x0000001171500000,0x0000001171600000)]
  0x000001e674a5e580 JavaThread "Memory manager" [_thread_blocked, id=56152, stack(0x0000001171900000,0x0000001171a00000)]
  0x000001e603887570 JavaThread "RMI Scheduler(0)" daemon [_thread_blocked, id=104428, stack(0x0000001168900000,0x0000001168a00000)]
  0x000001e602e3c060 JavaThread "RMI TCP Accept-0" daemon [_thread_in_native, id=104432, stack(0x0000001172800000,0x0000001172900000)]
  0x000001e603f3f110 JavaThread "RMI RenewClean-[127.0.0.1:17910,org.jetbrains.kotlin.daemon.common.LoopbackNetworkInterface$ClientLoopbackSocketFactory@5baf6c19]" daemon [_thread_blocked, id=13188, stack(0x0000001172100000,0x0000001172200000)]
  0x000001e603f3f5e0 JavaThread "RMI GC Daemon" daemon [_thread_blocked, id=108504, stack(0x0000001172200000,0x0000001172300000)]
  0x000001e602e399e0 JavaThread "RMI RenewClean-[127.0.0.1:17723,org.jetbrains.kotlin.daemon.common.LoopbackNetworkInterface$ClientLoopbackSocketFactory@1258da79]" daemon [_thread_blocked, id=105556, stack(0x0000001172300000,0x0000001172400000)]
  0x000001e602e3ca00 JavaThread "RMI Reaper" [_thread_blocked, id=101440, stack(0x0000001172400000,0x0000001172500000)]
  0x000001e6777d5b30 JavaThread "Daemon Thread 8" [_thread_blocked, id=107868, stack(0x0000001168800000,0x0000001168900000)]
  0x000001e6777d4320 JavaThread "Handler for socket connection from /127.0.0.1:50063 to /127.0.0.1:59181" [_thread_in_native, id=104084, stack(0x0000001168a00000,0x0000001168b00000)]
  0x000001e6777d8b50 JavaThread "Cancel handler" [_thread_blocked, id=94876, stack(0x000000116a500000,0x000000116a600000)]
  0x000001e6777d17d0 JavaThread "Daemon worker Thread 8" [_thread_blocked, id=105412, stack(0x000000116a600000,0x000000116a700000)]
  0x000001e6777d7ce0 JavaThread "Asynchronous log dispatcher for DefaultDaemonConnection: socket connection from /127.0.0.1:50063 to /127.0.0.1:59181" [_thread_blocked, id=107592, stack(0x000000116a700000,0x000000116a800000)]
  0x000001e6777d1300 JavaThread "Stdin handler" [_thread_blocked, id=105452, stack(0x000000116a800000,0x000000116a900000)]
  0x000001e6777d1ca0 JavaThread "Daemon client event forwarder" [_thread_blocked, id=98732, stack(0x000000116a900000,0x000000116aa00000)]
  0x000001e6777d5190 JavaThread "Unconstrained build operations" [_thread_blocked, id=85180, stack(0x000000116bf00000,0x000000116c000000)]
  0x000001e6777d2b10 JavaThread "Unconstrained build operations Thread 2" [_thread_blocked, id=103928, stack(0x000000116c100000,0x000000116c200000)]
  0x000001e6777d5660 JavaThread "Unconstrained build operations Thread 3" [_thread_blocked, id=68584, stack(0x000000116c200000,0x000000116c300000)]
  0x000001e6777d81b0 JavaThread "Unconstrained build operations Thread 4" [_thread_blocked, id=108048, stack(0x000000116c300000,0x000000116c400000)]
  0x000001e6777d6000 JavaThread "Unconstrained build operations Thread 5" [_thread_blocked, id=79364, stack(0x000000116c400000,0x000000116c500000)]
  0x000001e6777d8680 JavaThread "Unconstrained build operations Thread 6" [_thread_blocked, id=87712, stack(0x000000116c500000,0x000000116c600000)]
  0x000001e6777d64d0 JavaThread "Unconstrained build operations Thread 7" [_thread_blocked, id=94544, stack(0x000000116c600000,0x000000116c700000)]
  0x000001e6777d69a0 JavaThread "Unconstrained build operations Thread 8" [_thread_blocked, id=102580, stack(0x000000116c700000,0x000000116c800000)]
  0x000001e6777d2170 JavaThread "Unconstrained build operations Thread 9" [_thread_blocked, id=104212, stack(0x000000116c800000,0x000000116c900000)]
  0x000001e6777d2640 JavaThread "Unconstrained build operations Thread 10" [_thread_blocked, id=102412, stack(0x000000116c900000,0x000000116ca00000)]
  0x000001e67d997fc0 JavaThread "Unconstrained build operations Thread 11" [_thread_blocked, id=106220, stack(0x000000116ca00000,0x000000116cb00000)]
  0x000001e67d99a170 JavaThread "Unconstrained build operations Thread 12" [_thread_blocked, id=103636, stack(0x000000116cb00000,0x000000116cc00000)]
  0x000001e67d997150 JavaThread "Unconstrained build operations Thread 13" [_thread_blocked, id=102696, stack(0x000000116cc00000,0x000000116cd00000)]
  0x000001e67d996c80 JavaThread "Unconstrained build operations Thread 14" [_thread_blocked, id=81652, stack(0x000000116cd00000,0x000000116ce00000)]
  0x000001e67d998490 JavaThread "Unconstrained build operations Thread 15" [_thread_blocked, id=107060, stack(0x000000116ce00000,0x000000116cf00000)]
  0x000001e67d999ca0 JavaThread "Unconstrained build operations Thread 16" [_thread_blocked, id=107316, stack(0x000000116cf00000,0x000000116d000000)]
  0x000001e67d997620 JavaThread "Unconstrained build operations Thread 17" [_thread_blocked, id=81744, stack(0x000000116d000000,0x000000116d100000)]
  0x000001e67d99b4b0 JavaThread "Unconstrained build operations Thread 18" [_thread_blocked, id=102568, stack(0x000000116d100000,0x000000116d200000)]

Other Threads:
  0x000001e673a7dfe0 VMThread "VM Thread" [stack: 0x0000001169100000,0x0000001169200000] [id=98672]
  0x000001e673a210e0 WatcherThread [stack: 0x0000001169d00000,0x0000001169e00000] [id=99996]
  0x000001e659fa6400 GCTaskThread "GC Thread#0" [stack: 0x0000001168c00000,0x0000001168d00000] [id=100856]
  0x000001e6753ccfd0 GCTaskThread "GC Thread#1" [stack: 0x0000001169e00000,0x0000001169f00000] [id=103448]
  0x000001e675623d50 GCTaskThread "GC Thread#2" [stack: 0x0000001169f00000,0x000000116a000000] [id=103536]
  0x000001e674e0f690 GCTaskThread "GC Thread#3" [stack: 0x000000116a000000,0x000000116a100000] [id=104992]
  0x000001e675c1a980 GCTaskThread "GC Thread#4" [stack: 0x000000116a100000,0x000000116a200000] [id=64700]
  0x000001e674ef9750 GCTaskThread "GC Thread#5" [stack: 0x000000116ac00000,0x000000116ad00000] [id=86136]
  0x000001e674ecf850 GCTaskThread "GC Thread#6" [stack: 0x000000116ad00000,0x000000116ae00000] [id=103584]
  0x000001e674ecfb00 GCTaskThread "GC Thread#7" [stack: 0x000000116ae00000,0x000000116af00000] [id=104800]
  0x000001e659fb73b0 ConcurrentGCThread "G1 Main Marker" [stack: 0x0000001168d00000,0x0000001168e00000] [id=65856]
  0x000001e659fb8b80 ConcurrentGCThread "G1 Conc#0" [stack: 0x0000001168e00000,0x0000001168f00000] [id=102144]
  0x000001e674b75a50 ConcurrentGCThread "G1 Conc#1" [stack: 0x000000116af00000,0x000000116b000000] [id=104792]
  0x000001e6738e9f40 ConcurrentGCThread "G1 Refine#0" [stack: 0x0000001168f00000,0x0000001169000000] [id=91400]
  0x000001e679191d90 ConcurrentGCThread "G1 Refine#1" [stack: 0x0000001171600000,0x0000001171700000] [id=94928]
  0x000001e6791917d0 ConcurrentGCThread "G1 Refine#2" [stack: 0x0000001171700000,0x0000001171800000] [id=101820]
  0x000001e676f651c0 ConcurrentGCThread "G1 Refine#3" [stack: 0x0000001172600000,0x0000001172700000] [id=106196]
  0x000001e6738ea710 ConcurrentGCThread "G1 Service" [stack: 0x0000001169000000,0x0000001169100000] [id=95888]

Threads with active compile tasks:
C2 CompilerThread0  19752704 34209       4       java.util.jar.JarFile::getManifest (5 bytes)

VM state: not at safepoint (normal execution)

VM Mutex/Monitor currently owned by a thread: None

OutOfMemory and StackOverflow Exception counts:
OutOfMemoryError java_heap_errors=1
LinkageErrors=261

Heap address: 0x0000000080000000, size: 2048 MB, Compressed Oops mode: 32-bit

CDS archive(s) not mapped
Compressed class space mapped at: 0x0000000100000000-0x0000000140000000, reserved size: 1073741824
Narrow klass base: 0x0000000000000000, Narrow klass shift: 3, Narrow klass range: 0x140000000

GC Precious Log:
 CPUs: 8 total, 8 available
 Memory: 7934M
 Large Page Support: Disabled
 NUMA Support: Disabled
 Compressed Oops: Enabled (32-bit)
 Heap Region Size: 1M
 Heap Min Capacity: 8M
 Heap Initial Capacity: 124M
 Heap Max Capacity: 2G
 Pre-touch: Disabled
 Parallel Workers: 8
 Concurrent Workers: 2
 Concurrent Refinement Workers: 8
 Periodic GC: Disabled

Heap:
 garbage-first heap   total 290816K, used 194323K [0x0000000080000000, 0x0000000100000000)
  region size 1024K, 89 young (91136K), 0 survivors (0K)
 Metaspace       used 147389K, committed 148800K, reserved 1179648K
  class space    used 19528K, committed 20224K, reserved 1048576K

Heap Regions: E=young(eden), S=young(survivor), O=old, HS=humongous(starts), HC=humongous(continues), CS=collection set, F=free, OA=open archive, CA=closed archive, TAMS=top-at-mark-start (previous, next)
|   0|0x0000000080000000, 0x0000000080100000, 0x0000000080100000|100%|HS|  |TAMS 0x0000000080100000, 0x0000000080000000| Untracked 
|   1|0x0000000080100000, 0x0000000080200000, 0x0000000080200000|100%|HC|  |TAMS 0x0000000080200000, 0x0000000080100000| Untracked 
|   2|0x0000000080200000, 0x0000000080300000, 0x0000000080300000|100%|HC|  |TAMS 0x0000000080300000, 0x0000000080200000| Untracked 
|   3|0x0000000080300000, 0x0000000080400000, 0x0000000080400000|100%|HC|  |TAMS 0x0000000080400000, 0x0000000080300000| Untracked 
|   4|0x0000000080400000, 0x0000000080500000, 0x0000000080500000|100%| O|  |TAMS 0x0000000080500000, 0x0000000080400000| Untracked 
|   5|0x0000000080500000, 0x0000000080600000, 0x0000000080600000|100%| O|  |TAMS 0x0000000080600000, 0x0000000080500000| Untracked 
|   6|0x0000000080600000, 0x00000000806fffe8, 0x0000000080700000| 99%| O|  |TAMS 0x00000000806fffe8, 0x0000000080600000| Untracked 
|   7|0x0000000080700000, 0x00000000807ffff0, 0x0000000080800000| 99%| O|  |TAMS 0x00000000807ffff0, 0x0000000080700000| Untracked 
|   8|0x0000000080800000, 0x00000000808ffff0, 0x0000000080900000| 99%| O|  |TAMS 0x00000000808ffff0, 0x0000000080800000| Untracked 
|   9|0x0000000080900000, 0x0000000080a00000, 0x0000000080a00000|100%| O|  |TAMS 0x0000000080a00000, 0x0000000080900000| Untracked 
|  10|0x0000000080a00000, 0x0000000080afe7b8, 0x0000000080b00000| 99%| O|  |TAMS 0x0000000080afe7b8, 0x0000000080a00000| Untracked 
|  11|0x0000000080b00000, 0x0000000080c00000, 0x0000000080c00000|100%| O|  |TAMS 0x0000000080c00000, 0x0000000080b00000| Untracked 
|  12|0x0000000080c00000, 0x0000000080cfc168, 0x0000000080d00000| 98%| O|  |TAMS 0x0000000080cfc168, 0x0000000080c00000| Untracked 
|  13|0x0000000080d00000, 0x0000000080e00000, 0x0000000080e00000|100%| O|  |TAMS 0x0000000080e00000, 0x0000000080d00000| Untracked 
|  14|0x0000000080e00000, 0x0000000080eff148, 0x0000000080f00000| 99%| O|  |TAMS 0x0000000080eff148, 0x0000000080e00000| Untracked 
|  15|0x0000000080f00000, 0x0000000081000000, 0x0000000081000000|100%| O|  |TAMS 0x0000000081000000, 0x0000000080f00000| Untracked 
|  16|0x0000000081000000, 0x00000000810fffb8, 0x0000000081100000| 99%| O|  |TAMS 0x00000000810fffb8, 0x0000000081000000| Untracked 
|  17|0x0000000081100000, 0x0000000081200000, 0x0000000081200000|100%| O|  |TAMS 0x0000000081200000, 0x0000000081100000| Untracked 
|  18|0x0000000081200000, 0x00000000812ffff8, 0x0000000081300000| 99%| O|  |TAMS 0x00000000812ffff8, 0x0000000081200000| Untracked 
|  19|0x0000000081300000, 0x00000000813ffff0, 0x0000000081400000| 99%| O|  |TAMS 0x00000000813ffff0, 0x0000000081300000| Untracked 
|  20|0x0000000081400000, 0x00000000814f7858, 0x0000000081500000| 96%| O|  |TAMS 0x00000000814f7858, 0x0000000081400000| Untracked 
|  21|0x0000000081500000, 0x00000000815fffe8, 0x0000000081600000| 99%| O|  |TAMS 0x00000000815fffe8, 0x0000000081500000| Untracked 
|  22|0x0000000081600000, 0x00000000816ff868, 0x0000000081700000| 99%| O|  |TAMS 0x00000000816ff868, 0x0000000081600000| Untracked 
|  23|0x0000000081700000, 0x00000000817ffff8, 0x0000000081800000| 99%| O|  |TAMS 0x00000000817ffff8, 0x0000000081700000| Untracked 
|  24|0x0000000081800000, 0x00000000818ffff0, 0x0000000081900000| 99%| O|  |TAMS 0x0000000081800000, 0x0000000081800000| Untracked 
|  25|0x0000000081900000, 0x00000000819fffe8, 0x0000000081a00000| 99%| O|  |TAMS 0x00000000819fffe8, 0x0000000081900000| Untracked 
|  26|0x0000000081a00000, 0x0000000081b00000, 0x0000000081b00000|100%|HS|  |TAMS 0x0000000081b00000, 0x0000000081a00000| Untracked 
|  27|0x0000000081b00000, 0x0000000081bfffe8, 0x0000000081c00000| 99%| O|  |TAMS 0x0000000081b00000, 0x0000000081b00000| Untracked 
|  28|0x0000000081c00000, 0x0000000081cfff78, 0x0000000081d00000| 99%| O|  |TAMS 0x0000000081cfff78, 0x0000000081c00000| Untracked 
|  29|0x0000000081d00000, 0x0000000081dfffd8, 0x0000000081e00000| 99%| O|  |TAMS 0x0000000081dfffd8, 0x0000000081d00000| Untracked 
|  30|0x0000000081e00000, 0x0000000081f00000, 0x0000000081f00000|100%|HS|  |TAMS 0x0000000081f00000, 0x0000000081e00000| Untracked 
|  31|0x0000000081f00000, 0x0000000082000000, 0x0000000082000000|100%|HS|  |TAMS 0x0000000082000000, 0x0000000081f00000| Untracked 
|  32|0x0000000082000000, 0x0000000082100000, 0x0000000082100000|100%|HS|  |TAMS 0x0000000082100000, 0x0000000082000000| Untracked 
|  33|0x0000000082100000, 0x0000000082200000, 0x0000000082200000|100%|HC|  |TAMS 0x0000000082200000, 0x0000000082100000| Untracked 
|  34|0x0000000082200000, 0x0000000082300000, 0x0000000082300000|100%|HC|  |TAMS 0x0000000082300000, 0x0000000082200000| Untracked 
|  35|0x0000000082300000, 0x0000000082400000, 0x0000000082400000|100%|HC|  |TAMS 0x0000000082400000, 0x0000000082300000| Untracked 
|  36|0x0000000082400000, 0x0000000082500000, 0x0000000082500000|100%| O|  |TAMS 0x0000000082500000, 0x0000000082400000| Untracked 
|  37|0x0000000082500000, 0x00000000825fffe8, 0x0000000082600000| 99%| O|  |TAMS 0x0000000082500000, 0x0000000082500000| Untracked 
|  38|0x0000000082600000, 0x00000000826ffff8, 0x0000000082700000| 99%| O|  |TAMS 0x00000000826ffff8, 0x0000000082600000| Untracked 
|  39|0x0000000082700000, 0x00000000827f8800, 0x0000000082800000| 97%| O|  |TAMS 0x00000000827f8800, 0x0000000082700000| Untracked 
|  40|0x0000000082800000, 0x00000000828f9b08, 0x0000000082900000| 97%| O|  |TAMS 0x00000000828f9b08, 0x0000000082800000| Untracked 
|  41|0x0000000082900000, 0x0000000082a00000, 0x0000000082a00000|100%| O|  |TAMS 0x0000000082a00000, 0x0000000082900000| Untracked 
|  42|0x0000000082a00000, 0x0000000082b00000, 0x0000000082b00000|100%| O|  |TAMS 0x0000000082b00000, 0x0000000082a00000| Untracked 
|  43|0x0000000082b00000, 0x0000000082bffff0, 0x0000000082c00000| 99%| O|  |TAMS 0x0000000082bffff0, 0x0000000082b00000| Untracked 
|  44|0x0000000082c00000, 0x0000000082cfffd0, 0x0000000082d00000| 99%| O|  |TAMS 0x0000000082cfffd0, 0x0000000082c00000| Untracked 
|  45|0x0000000082d00000, 0x0000000082e00000, 0x0000000082e00000|100%| O|  |TAMS 0x0000000082e00000, 0x0000000082d00000| Untracked 
|  46|0x0000000082e00000, 0x0000000082f00000, 0x0000000082f00000|100%| O|  |TAMS 0x0000000082f00000, 0x0000000082e00000| Untracked 
|  47|0x0000000082f00000, 0x0000000082fffff8, 0x0000000083000000| 99%| O|  |TAMS 0x0000000082fffff8, 0x0000000082f00000| Untracked 
|  48|0x0000000083000000, 0x00000000830fff88, 0x0000000083100000| 99%| O|  |TAMS 0x00000000830fff88, 0x0000000083000000| Untracked 
|  49|0x0000000083100000, 0x0000000083200000, 0x0000000083200000|100%| O|  |TAMS 0x0000000083200000, 0x0000000083100000| Untracked 
|  50|0x0000000083200000, 0x00000000832ffff8, 0x0000000083300000| 99%| O|  |TAMS 0x00000000832ffff8, 0x0000000083200000| Untracked 
|  51|0x0000000083300000, 0x0000000083400000, 0x0000000083400000|100%| O|  |TAMS 0x0000000083300000, 0x0000000083300000| Untracked 
|  52|0x0000000083400000, 0x00000000834fffe8, 0x0000000083500000| 99%| O|  |TAMS 0x00000000834fffe8, 0x0000000083400000| Untracked 
|  53|0x0000000083500000, 0x00000000835ff900, 0x0000000083600000| 99%| O|  |TAMS 0x0000000083500000, 0x0000000083500000| Untracked 
|  54|0x0000000083600000, 0x0000000083700000, 0x0000000083700000|100%| O|  |TAMS 0x0000000083700000, 0x0000000083600000| Untracked 
|  55|0x0000000083700000, 0x0000000083800000, 0x0000000083800000|100%| O|  |TAMS 0x0000000083800000, 0x0000000083700000| Untracked 
|  56|0x0000000083800000, 0x00000000838ffff8, 0x0000000083900000| 99%| O|  |TAMS 0x00000000838ffff8, 0x0000000083800000| Untracked 
|  57|0x0000000083900000, 0x00000000839ffff0, 0x0000000083a00000| 99%| O|  |TAMS 0x00000000839ffff0, 0x0000000083900000| Untracked 
|  58|0x0000000083a00000, 0x0000000083affff0, 0x0000000083b00000| 99%| O|  |TAMS 0x0000000083affff0, 0x0000000083a00000| Untracked 
|  59|0x0000000083b00000, 0x0000000083bfffe8, 0x0000000083c00000| 99%| O|  |TAMS 0x0000000083bfffe8, 0x0000000083b00000| Untracked 
|  60|0x0000000083c00000, 0x0000000083cff2f8, 0x0000000083d00000| 99%| O|  |TAMS 0x0000000083cff2f8, 0x0000000083c00000| Untracked 
|  61|0x0000000083d00000, 0x0000000083dfffe8, 0x0000000083e00000| 99%| O|  |TAMS 0x0000000083dfffe8, 0x0000000083d00000| Untracked 
|  62|0x0000000083e00000, 0x0000000083efffc8, 0x0000000083f00000| 99%| O|  |TAMS 0x0000000083efffc8, 0x0000000083e00000| Untracked 
|  63|0x0000000083f00000, 0x0000000083ffffe8, 0x0000000084000000| 99%| O|  |TAMS 0x0000000083ffffe8, 0x0000000083f00000| Untracked 
|  64|0x0000000084000000, 0x00000000840ffff0, 0x0000000084100000| 99%| O|  |TAMS 0x00000000840ffff0, 0x0000000084000000| Untracked 
|  65|0x0000000084100000, 0x00000000841fffe8, 0x0000000084200000| 99%| O|  |TAMS 0x00000000841fffe8, 0x0000000084100000| Untracked 
|  66|0x0000000084200000, 0x00000000842fffc0, 0x0000000084300000| 99%| O|  |TAMS 0x00000000842fffc0, 0x0000000084200000| Untracked 
|  67|0x0000000084300000, 0x00000000843ffff0, 0x0000000084400000| 99%| O|  |TAMS 0x00000000843ffff0, 0x0000000084300000| Untracked 
|  68|0x0000000084400000, 0x0000000084500000, 0x0000000084500000|100%| O|  |TAMS 0x0000000084500000, 0x0000000084400000| Untracked 
|  69|0x0000000084500000, 0x00000000845ffff8, 0x0000000084600000| 99%| O|  |TAMS 0x00000000845ffff8, 0x0000000084500000| Untracked 
|  70|0x0000000084600000, 0x00000000846fffc8, 0x0000000084700000| 99%| O|  |TAMS 0x00000000846fffc8, 0x0000000084600000| Untracked 
|  71|0x0000000084700000, 0x00000000847fffc8, 0x0000000084800000| 99%| O|  |TAMS 0x00000000847fffc8, 0x0000000084700000| Untracked 
|  72|0x0000000084800000, 0x00000000848ffff8, 0x0000000084900000| 99%| O|  |TAMS 0x00000000848ffff8, 0x0000000084800000| Untracked 
|  73|0x0000000084900000, 0x00000000849fffb8, 0x0000000084a00000| 99%| O|  |TAMS 0x00000000849fffb8, 0x0000000084900000| Untracked 
|  74|0x0000000084a00000, 0x0000000084b00000, 0x0000000084b00000|100%| O|  |TAMS 0x0000000084b00000, 0x0000000084a00000| Untracked 
|  75|0x0000000084b00000, 0x0000000084bffff8, 0x0000000084c00000| 99%| O|  |TAMS 0x0000000084b00000, 0x0000000084b00000| Untracked 
|  76|0x0000000084c00000, 0x0000000084ce4078, 0x0000000084d00000| 89%| O|  |TAMS 0x0000000084c00000, 0x0000000084c00000| Untracked 
|  77|0x0000000084d00000, 0x0000000084e00000, 0x0000000084e00000|100%| O|  |TAMS 0x0000000084d00000, 0x0000000084d00000| Untracked 
|  78|0x0000000084e00000, 0x0000000084f00000, 0x0000000084f00000|100%|HS|  |TAMS 0x0000000084e00000, 0x0000000084e00000| Complete 
|  79|0x0000000084f00000, 0x0000000084fffff8, 0x0000000085000000| 99%| O|  |TAMS 0x0000000084fffff8, 0x0000000084f00000| Untracked 
|  80|0x0000000085000000, 0x00000000850ffff8, 0x0000000085100000| 99%| O|  |TAMS 0x00000000850ffff8, 0x0000000085000000| Untracked 
|  81|0x0000000085100000, 0x00000000851ffff0, 0x0000000085200000| 99%| O|  |TAMS 0x0000000085100000, 0x0000000085100000| Untracked 
|  82|0x0000000085200000, 0x0000000085200000, 0x0000000085300000|  0%| F|  |TAMS 0x0000000085200000, 0x0000000085200000| Untracked 
|  83|0x0000000085300000, 0x00000000853ffff8, 0x0000000085400000| 99%| O|  |TAMS 0x00000000853ffff8, 0x0000000085300000| Untracked 
|  84|0x0000000085400000, 0x0000000085500000, 0x0000000085500000|100%| O|  |TAMS 0x0000000085400000, 0x0000000085400000| Untracked 
|  85|0x0000000085500000, 0x0000000085500000, 0x0000000085600000|  0%| F|  |TAMS 0x0000000085500000, 0x0000000085500000| Untracked 
|  86|0x0000000085600000, 0x000000008565d6d8, 0x0000000085700000| 36%| O|  |TAMS 0x0000000085600000, 0x0000000085600000| Untracked 
|  87|0x0000000085700000, 0x0000000085700000, 0x0000000085800000|  0%| F|  |TAMS 0x0000000085700000, 0x0000000085700000| Untracked 
|  88|0x0000000085800000, 0x00000000858ffff8, 0x0000000085900000| 99%| O|  |TAMS 0x00000000858ffff8, 0x0000000085800000| Untracked 
|  89|0x0000000085900000, 0x00000000859fffe8, 0x0000000085a00000| 99%| O|  |TAMS 0x0000000085900000, 0x0000000085900000| Untracked 
|  90|0x0000000085a00000, 0x0000000085a00000, 0x0000000085b00000|  0%| F|  |TAMS 0x0000000085a00000, 0x0000000085a00000| Untracked 
|  91|0x0000000085b00000, 0x0000000085b9a0d0, 0x0000000085c00000| 60%| O|  |TAMS 0x0000000085b00000, 0x0000000085b00000| Untracked 
|  92|0x0000000085c00000, 0x0000000085d00000, 0x0000000085d00000|100%|HS|  |TAMS 0x0000000085c00000, 0x0000000085c00000| Complete 
|  93|0x0000000085d00000, 0x0000000085e00000, 0x0000000085e00000|100%|HC|  |TAMS 0x0000000085d00000, 0x0000000085d00000| Complete 
|  94|0x0000000085e00000, 0x0000000085f00000, 0x0000000085f00000|100%|HS|  |TAMS 0x0000000085e00000, 0x0000000085e00000| Complete 
|  95|0x0000000085f00000, 0x0000000086000000, 0x0000000086000000|100%|HC|  |TAMS 0x0000000085f00000, 0x0000000085f00000| Complete 
|  96|0x0000000086000000, 0x0000000086100000, 0x0000000086100000|100%|HS|  |TAMS 0x0000000086000000, 0x0000000086000000| Complete 
|  97|0x0000000086100000, 0x0000000086200000, 0x0000000086200000|100%|HC|  |TAMS 0x0000000086100000, 0x0000000086100000| Complete 
|  98|0x0000000086200000, 0x0000000086200000, 0x0000000086300000|  0%| F|  |TAMS 0x0000000086200000, 0x0000000086200000| Untracked 
|  99|0x0000000086300000, 0x00000000863ffff8, 0x0000000086400000| 99%| O|  |TAMS 0x0000000086300000, 0x0000000086300000| Untracked 
| 100|0x0000000086400000, 0x0000000086500000, 0x0000000086500000|100%|HS|  |TAMS 0x0000000086400000, 0x0000000086400000| Complete 
| 101|0x0000000086500000, 0x0000000086600000, 0x0000000086600000|100%|HC|  |TAMS 0x0000000086500000, 0x0000000086500000| Complete 
| 102|0x0000000086600000, 0x0000000086600000, 0x0000000086700000|  0%| F|  |TAMS 0x0000000086600000, 0x0000000086600000| Untracked 
| 103|0x0000000086700000, 0x00000000867c4308, 0x0000000086800000| 76%| O|  |TAMS 0x0000000086700000, 0x0000000086700000| Untracked 
| 104|0x0000000086800000, 0x0000000086900000, 0x0000000086900000|100%|HS|  |TAMS 0x0000000086800000, 0x0000000086800000| Complete 
| 105|0x0000000086900000, 0x0000000086a00000, 0x0000000086a00000|100%|HC|  |TAMS 0x0000000086900000, 0x0000000086900000| Complete 
| 106|0x0000000086a00000, 0x0000000086b00000, 0x0000000086b00000|100%|HS|  |TAMS 0x0000000086a00000, 0x0000000086a00000| Complete 
| 107|0x0000000086b00000, 0x0000000086c00000, 0x0000000086c00000|100%|HC|  |TAMS 0x0000000086b00000, 0x0000000086b00000| Complete 
| 108|0x0000000086c00000, 0x0000000086c00000, 0x0000000086d00000|  0%| F|  |TAMS 0x0000000086c00000, 0x0000000086c00000| Untracked 
| 109|0x0000000086d00000, 0x0000000086d00000, 0x0000000086e00000|  0%| F|  |TAMS 0x0000000086d00000, 0x0000000086d00000| Untracked 
| 110|0x0000000086e00000, 0x0000000086e00000, 0x0000000086f00000|  0%| F|  |TAMS 0x0000000086e00000, 0x0000000086e00000| Untracked 
| 111|0x0000000086f00000, 0x0000000086f00000, 0x0000000087000000|  0%| F|  |TAMS 0x0000000086f00000, 0x0000000086f00000| Untracked 
| 112|0x0000000087000000, 0x0000000087000000, 0x0000000087100000|  0%| F|  |TAMS 0x0000000087000000, 0x0000000087000000| Untracked 
| 113|0x0000000087100000, 0x0000000087100000, 0x0000000087200000|  0%| F|  |TAMS 0x0000000087100000, 0x0000000087100000| Untracked 
| 114|0x0000000087200000, 0x0000000087200000, 0x0000000087300000|  0%| F|  |TAMS 0x0000000087200000, 0x0000000087200000| Untracked 
| 115|0x0000000087300000, 0x0000000087300000, 0x0000000087400000|  0%| F|  |TAMS 0x0000000087300000, 0x0000000087300000| Untracked 
| 116|0x0000000087400000, 0x0000000087400000, 0x0000000087500000|  0%| F|  |TAMS 0x0000000087400000, 0x0000000087400000| Untracked 
| 117|0x0000000087500000, 0x0000000087500000, 0x0000000087600000|  0%| F|  |TAMS 0x0000000087500000, 0x0000000087500000| Untracked 
| 118|0x0000000087600000, 0x0000000087600000, 0x0000000087700000|  0%| F|  |TAMS 0x0000000087600000, 0x0000000087600000| Untracked 
| 119|0x0000000087700000, 0x0000000087700000, 0x0000000087800000|  0%| F|  |TAMS 0x0000000087700000, 0x0000000087700000| Untracked 
| 120|0x0000000087800000, 0x0000000087800000, 0x0000000087900000|  0%| F|  |TAMS 0x0000000087800000, 0x0000000087800000| Untracked 
| 121|0x0000000087900000, 0x0000000087900000, 0x0000000087a00000|  0%| F|  |TAMS 0x0000000087900000, 0x0000000087900000| Untracked 
| 122|0x0000000087a00000, 0x0000000087a00000, 0x0000000087b00000|  0%| F|  |TAMS 0x0000000087a00000, 0x0000000087a00000| Untracked 
| 123|0x0000000087b00000, 0x0000000087b00000, 0x0000000087c00000|  0%| F|  |TAMS 0x0000000087b00000, 0x0000000087b00000| Untracked 
| 124|0x0000000087c00000, 0x0000000087c00000, 0x0000000087d00000|  0%| F|  |TAMS 0x0000000087c00000, 0x0000000087c00000| Untracked 
| 125|0x0000000087d00000, 0x0000000087d00000, 0x0000000087e00000|  0%| F|  |TAMS 0x0000000087d00000, 0x0000000087d00000| Untracked 
| 126|0x0000000087e00000, 0x0000000087e00000, 0x0000000087f00000|  0%| F|  |TAMS 0x0000000087e00000, 0x0000000087e00000| Untracked 
| 127|0x0000000087f00000, 0x0000000087f00000, 0x0000000088000000|  0%| F|  |TAMS 0x0000000087f00000, 0x0000000087f00000| Untracked 
| 128|0x0000000088000000, 0x0000000088000000, 0x0000000088100000|  0%| F|  |TAMS 0x0000000088000000, 0x0000000088000000| Untracked 
| 129|0x0000000088100000, 0x0000000088100000, 0x0000000088200000|  0%| F|  |TAMS 0x0000000088100000, 0x0000000088100000| Untracked 
| 130|0x0000000088200000, 0x0000000088200000, 0x0000000088300000|  0%| F|  |TAMS 0x0000000088200000, 0x0000000088200000| Untracked 
| 131|0x0000000088300000, 0x0000000088300000, 0x0000000088400000|  0%| F|  |TAMS 0x0000000088300000, 0x0000000088300000| Untracked 
| 132|0x0000000088400000, 0x0000000088400000, 0x0000000088500000|  0%| F|  |TAMS 0x0000000088400000, 0x0000000088400000| Untracked 
| 133|0x0000000088500000, 0x0000000088500000, 0x0000000088600000|  0%| F|  |TAMS 0x0000000088500000, 0x0000000088500000| Untracked 
| 134|0x0000000088600000, 0x0000000088600000, 0x0000000088700000|  0%| F|  |TAMS 0x0000000088600000, 0x0000000088600000| Untracked 
| 135|0x0000000088700000, 0x00000000887ffff8, 0x0000000088800000| 99%| O|  |TAMS 0x0000000088700000, 0x0000000088700000| Untracked 
| 136|0x0000000088800000, 0x00000000888a63f8, 0x0000000088900000| 64%| O|  |TAMS 0x0000000088800000, 0x0000000088800000| Untracked 
| 137|0x0000000088900000, 0x0000000088900000, 0x0000000088a00000|  0%| F|  |TAMS 0x0000000088900000, 0x0000000088900000| Untracked 
| 138|0x0000000088a00000, 0x0000000088a00000, 0x0000000088b00000|  0%| F|  |TAMS 0x0000000088a00000, 0x0000000088a00000| Untracked 
| 139|0x0000000088b00000, 0x0000000088b00000, 0x0000000088c00000|  0%| F|  |TAMS 0x0000000088b00000, 0x0000000088b00000| Untracked 
| 140|0x0000000088c00000, 0x0000000088c00000, 0x0000000088d00000|  0%| F|  |TAMS 0x0000000088c00000, 0x0000000088c00000| Untracked 
| 141|0x0000000088d00000, 0x0000000088d00000, 0x0000000088e00000|  0%| F|  |TAMS 0x0000000088d00000, 0x0000000088d00000| Untracked 
| 142|0x0000000088e00000, 0x0000000088e00000, 0x0000000088f00000|  0%| F|  |TAMS 0x0000000088e00000, 0x0000000088e00000| Untracked 
| 143|0x0000000088f00000, 0x0000000088f00000, 0x0000000089000000|  0%| F|  |TAMS 0x0000000088f00000, 0x0000000088f00000| Untracked 
| 144|0x0000000089000000, 0x0000000089000000, 0x0000000089100000|  0%| F|  |TAMS 0x0000000089000000, 0x0000000089000000| Untracked 
| 145|0x0000000089100000, 0x0000000089100000, 0x0000000089200000|  0%| F|  |TAMS 0x0000000089100000, 0x0000000089100000| Untracked 
| 146|0x0000000089200000, 0x0000000089200000, 0x0000000089300000|  0%| F|  |TAMS 0x0000000089200000, 0x0000000089200000| Untracked 
| 147|0x0000000089300000, 0x0000000089300000, 0x0000000089400000|  0%| F|  |TAMS 0x0000000089300000, 0x0000000089300000| Untracked 
| 148|0x0000000089400000, 0x0000000089400000, 0x0000000089500000|  0%| F|  |TAMS 0x0000000089400000, 0x0000000089400000| Untracked 
| 149|0x0000000089500000, 0x0000000089500000, 0x0000000089600000|  0%| F|  |TAMS 0x0000000089500000, 0x0000000089500000| Untracked 
| 150|0x0000000089600000, 0x0000000089600000, 0x0000000089700000|  0%| F|  |TAMS 0x0000000089600000, 0x0000000089600000| Untracked 
| 151|0x0000000089700000, 0x0000000089700000, 0x0000000089800000|  0%| F|  |TAMS 0x0000000089700000, 0x0000000089700000| Untracked 
| 152|0x0000000089800000, 0x0000000089800000, 0x0000000089900000|  0%| F|  |TAMS 0x0000000089800000, 0x0000000089800000| Untracked 
| 153|0x0000000089900000, 0x0000000089900000, 0x0000000089a00000|  0%| F|  |TAMS 0x0000000089900000, 0x0000000089900000| Untracked 
| 154|0x0000000089a00000, 0x0000000089a00000, 0x0000000089b00000|  0%| F|  |TAMS 0x0000000089a00000, 0x0000000089a00000| Untracked 
| 155|0x0000000089b00000, 0x0000000089b00000, 0x0000000089c00000|  0%| F|  |TAMS 0x0000000089b00000, 0x0000000089b00000| Untracked 
| 156|0x0000000089c00000, 0x0000000089c00000, 0x0000000089d00000|  0%| F|  |TAMS 0x0000000089c00000, 0x0000000089c00000| Untracked 
| 157|0x0000000089d00000, 0x0000000089d9db48, 0x0000000089e00000| 61%| O|  |TAMS 0x0000000089d00000, 0x0000000089d00000| Untracked 
| 158|0x0000000089e00000, 0x0000000089e00000, 0x0000000089f00000|  0%| F|  |TAMS 0x0000000089e00000, 0x0000000089e00000| Untracked 
| 159|0x0000000089f00000, 0x0000000089f00000, 0x000000008a000000|  0%| F|  |TAMS 0x0000000089f00000, 0x0000000089f00000| Untracked 
| 160|0x000000008a000000, 0x000000008a000000, 0x000000008a100000|  0%| F|  |TAMS 0x000000008a000000, 0x000000008a000000| Untracked 
| 161|0x000000008a100000, 0x000000008a100000, 0x000000008a200000|  0%| F|  |TAMS 0x000000008a100000, 0x000000008a100000| Untracked 
| 162|0x000000008a200000, 0x000000008a200000, 0x000000008a300000|  0%| F|  |TAMS 0x000000008a200000, 0x000000008a200000| Untracked 
| 163|0x000000008a300000, 0x000000008a300000, 0x000000008a400000|  0%| F|  |TAMS 0x000000008a300000, 0x000000008a300000| Untracked 
| 164|0x000000008a400000, 0x000000008a400000, 0x000000008a500000|  0%| F|  |TAMS 0x000000008a400000, 0x000000008a400000| Untracked 
| 165|0x000000008a500000, 0x000000008a500000, 0x000000008a600000|  0%| F|  |TAMS 0x000000008a500000, 0x000000008a500000| Untracked 
| 166|0x000000008a600000, 0x000000008a600000, 0x000000008a700000|  0%| F|  |TAMS 0x000000008a600000, 0x000000008a600000| Untracked 
| 167|0x000000008a700000, 0x000000008a700000, 0x000000008a800000|  0%| F|  |TAMS 0x000000008a700000, 0x000000008a700000| Untracked 
| 168|0x000000008a800000, 0x000000008a800000, 0x000000008a900000|  0%| F|  |TAMS 0x000000008a800000, 0x000000008a800000| Untracked 
| 169|0x000000008a900000, 0x000000008a900000, 0x000000008aa00000|  0%| F|  |TAMS 0x000000008a900000, 0x000000008a900000| Untracked 
| 170|0x000000008aa00000, 0x000000008aa00000, 0x000000008ab00000|  0%| F|  |TAMS 0x000000008aa00000, 0x000000008aa00000| Untracked 
| 171|0x000000008ab00000, 0x000000008ab00000, 0x000000008ac00000|  0%| F|  |TAMS 0x000000008ab00000, 0x000000008ab00000| Untracked 
| 172|0x000000008ac00000, 0x000000008ac00000, 0x000000008ad00000|  0%| F|  |TAMS 0x000000008ac00000, 0x000000008ac00000| Untracked 
| 173|0x000000008ad00000, 0x000000008ad00000, 0x000000008ae00000|  0%| F|  |TAMS 0x000000008ad00000, 0x000000008ad00000| Untracked 
| 174|0x000000008ae00000, 0x000000008ae00000, 0x000000008af00000|  0%| F|  |TAMS 0x000000008ae00000, 0x000000008ae00000| Untracked 
| 175|0x000000008af00000, 0x000000008af00000, 0x000000008b000000|  0%| F|  |TAMS 0x000000008af00000, 0x000000008af00000| Untracked 
| 176|0x000000008b000000, 0x000000008b000000, 0x000000008b100000|  0%| F|  |TAMS 0x000000008b000000, 0x000000008b000000| Untracked 
| 177|0x000000008b100000, 0x000000008b100000, 0x000000008b200000|  0%| F|  |TAMS 0x000000008b100000, 0x000000008b100000| Untracked 
| 178|0x000000008b200000, 0x000000008b200000, 0x000000008b300000|  0%| F|  |TAMS 0x000000008b200000, 0x000000008b200000| Untracked 
| 179|0x000000008b300000, 0x000000008b300000, 0x000000008b400000|  0%| F|  |TAMS 0x000000008b300000, 0x000000008b300000| Untracked 
| 180|0x000000008b400000, 0x000000008b400000, 0x000000008b500000|  0%| F|  |TAMS 0x000000008b400000, 0x000000008b400000| Untracked 
| 181|0x000000008b500000, 0x000000008b500000, 0x000000008b600000|  0%| F|  |TAMS 0x000000008b500000, 0x000000008b500000| Untracked 
| 182|0x000000008b600000, 0x000000008b600000, 0x000000008b700000|  0%| F|  |TAMS 0x000000008b600000, 0x000000008b600000| Untracked 
| 183|0x000000008b700000, 0x000000008b700000, 0x000000008b800000|  0%| F|  |TAMS 0x000000008b700000, 0x000000008b700000| Untracked 
| 184|0x000000008b800000, 0x000000008b800000, 0x000000008b900000|  0%| F|  |TAMS 0x000000008b800000, 0x000000008b800000| Untracked 
| 185|0x000000008b900000, 0x000000008b900000, 0x000000008ba00000|  0%| F|  |TAMS 0x000000008b900000, 0x000000008b900000| Untracked 
| 186|0x000000008ba00000, 0x000000008ba00000, 0x000000008bb00000|  0%| F|  |TAMS 0x000000008ba00000, 0x000000008ba00000| Untracked 
| 187|0x000000008bb00000, 0x000000008bb00000, 0x000000008bc00000|  0%| F|  |TAMS 0x000000008bb00000, 0x000000008bb00000| Untracked 
| 188|0x000000008bc00000, 0x000000008bc00000, 0x000000008bd00000|  0%| F|  |TAMS 0x000000008bc00000, 0x000000008bc00000| Untracked 
| 189|0x000000008bd00000, 0x000000008bd00000, 0x000000008be00000|  0%| F|  |TAMS 0x000000008bd00000, 0x000000008bd00000| Untracked 
| 190|0x000000008be00000, 0x000000008be00000, 0x000000008bf00000|  0%| F|  |TAMS 0x000000008be00000, 0x000000008be00000| Untracked 
| 191|0x000000008bf00000, 0x000000008bf00000, 0x000000008c000000|  0%| F|  |TAMS 0x000000008bf00000, 0x000000008bf00000| Untracked 
| 192|0x000000008c000000, 0x000000008c000000, 0x000000008c100000|  0%| F|  |TAMS 0x000000008c000000, 0x000000008c000000| Untracked 
| 193|0x000000008c100000, 0x000000008c100000, 0x000000008c200000|  0%| F|  |TAMS 0x000000008c100000, 0x000000008c100000| Untracked 
| 194|0x000000008c200000, 0x000000008c200000, 0x000000008c300000|  0%| F|  |TAMS 0x000000008c200000, 0x000000008c200000| Untracked 
| 195|0x000000008c300000, 0x000000008c34fb78, 0x000000008c400000| 31%| E|  |TAMS 0x000000008c300000, 0x000000008c300000| Complete 
| 196|0x000000008c400000, 0x000000008c500000, 0x000000008c500000|100%| E|CS|TAMS 0x000000008c400000, 0x000000008c400000| Complete 
| 197|0x000000008c500000, 0x000000008c600000, 0x000000008c600000|100%| E|CS|TAMS 0x000000008c500000, 0x000000008c500000| Complete 
| 198|0x000000008c600000, 0x000000008c700000, 0x000000008c700000|100%| E|CS|TAMS 0x000000008c600000, 0x000000008c600000| Complete 
| 199|0x000000008c700000, 0x000000008c800000, 0x000000008c800000|100%| E|CS|TAMS 0x000000008c700000, 0x000000008c700000| Complete 
| 200|0x000000008c800000, 0x000000008c900000, 0x000000008c900000|100%| E|CS|TAMS 0x000000008c800000, 0x000000008c800000| Complete 
| 201|0x000000008c900000, 0x000000008ca00000, 0x000000008ca00000|100%| E|CS|TAMS 0x000000008c900000, 0x000000008c900000| Complete 
| 202|0x000000008ca00000, 0x000000008cb00000, 0x000000008cb00000|100%| E|CS|TAMS 0x000000008ca00000, 0x000000008ca00000| Complete 
| 203|0x000000008cb00000, 0x000000008cc00000, 0x000000008cc00000|100%| E|CS|TAMS 0x000000008cb00000, 0x000000008cb00000| Complete 
| 204|0x000000008cc00000, 0x000000008cd00000, 0x000000008cd00000|100%| E|CS|TAMS 0x000000008cc00000, 0x000000008cc00000| Complete 
| 205|0x000000008cd00000, 0x000000008ce00000, 0x000000008ce00000|100%| E|CS|TAMS 0x000000008cd00000, 0x000000008cd00000| Complete 
| 206|0x000000008ce00000, 0x000000008cf00000, 0x000000008cf00000|100%| E|CS|TAMS 0x000000008ce00000, 0x000000008ce00000| Complete 
| 207|0x000000008cf00000, 0x000000008d000000, 0x000000008d000000|100%| E|CS|TAMS 0x000000008cf00000, 0x000000008cf00000| Complete 
| 208|0x000000008d000000, 0x000000008d100000, 0x000000008d100000|100%| E|CS|TAMS 0x000000008d000000, 0x000000008d000000| Complete 
| 209|0x000000008d100000, 0x000000008d200000, 0x000000008d200000|100%| E|CS|TAMS 0x000000008d100000, 0x000000008d100000| Complete 
| 210|0x000000008d200000, 0x000000008d300000, 0x000000008d300000|100%| E|CS|TAMS 0x000000008d200000, 0x000000008d200000| Complete 
| 211|0x000000008d300000, 0x000000008d400000, 0x000000008d400000|100%| E|CS|TAMS 0x000000008d300000, 0x000000008d300000| Complete 
| 212|0x000000008d400000, 0x000000008d500000, 0x000000008d500000|100%| E|CS|TAMS 0x000000008d400000, 0x000000008d400000| Complete 
| 213|0x000000008d500000, 0x000000008d600000, 0x000000008d600000|100%| E|CS|TAMS 0x000000008d500000, 0x000000008d500000| Complete 
| 214|0x000000008d600000, 0x000000008d700000, 0x000000008d700000|100%| E|CS|TAMS 0x000000008d600000, 0x000000008d600000| Complete 
| 215|0x000000008d700000, 0x000000008d800000, 0x000000008d800000|100%| E|CS|TAMS 0x000000008d700000, 0x000000008d700000| Complete 
| 216|0x000000008d800000, 0x000000008d900000, 0x000000008d900000|100%| E|CS|TAMS 0x000000008d800000, 0x000000008d800000| Complete 
| 217|0x000000008d900000, 0x000000008da00000, 0x000000008da00000|100%| E|CS|TAMS 0x000000008d900000, 0x000000008d900000| Complete 
| 218|0x000000008da00000, 0x000000008db00000, 0x000000008db00000|100%| E|CS|TAMS 0x000000008da00000, 0x000000008da00000| Complete 
| 219|0x000000008db00000, 0x000000008dc00000, 0x000000008dc00000|100%| E|CS|TAMS 0x000000008db00000, 0x000000008db00000| Complete 
| 220|0x000000008dc00000, 0x000000008dd00000, 0x000000008dd00000|100%| E|CS|TAMS 0x000000008dc00000, 0x000000008dc00000| Complete 
| 221|0x000000008dd00000, 0x000000008de00000, 0x000000008de00000|100%| E|CS|TAMS 0x000000008dd00000, 0x000000008dd00000| Complete 
| 222|0x000000008de00000, 0x000000008df00000, 0x000000008df00000|100%| E|CS|TAMS 0x000000008de00000, 0x000000008de00000| Complete 
| 223|0x000000008df00000, 0x000000008e000000, 0x000000008e000000|100%| E|CS|TAMS 0x000000008df00000, 0x000000008df00000| Complete 
| 224|0x000000008e000000, 0x000000008e100000, 0x000000008e100000|100%| E|CS|TAMS 0x000000008e000000, 0x000000008e000000| Complete 
| 225|0x000000008e100000, 0x000000008e200000, 0x000000008e200000|100%| E|CS|TAMS 0x000000008e100000, 0x000000008e100000| Complete 
| 226|0x000000008e200000, 0x000000008e300000, 0x000000008e300000|100%| E|CS|TAMS 0x000000008e200000, 0x000000008e200000| Complete 
| 227|0x000000008e300000, 0x000000008e400000, 0x000000008e400000|100%| E|CS|TAMS 0x000000008e300000, 0x000000008e300000| Complete 
| 228|0x000000008e400000, 0x000000008e500000, 0x000000008e500000|100%| E|CS|TAMS 0x000000008e400000, 0x000000008e400000| Complete 
| 229|0x000000008e500000, 0x000000008e600000, 0x000000008e600000|100%| E|CS|TAMS 0x000000008e500000, 0x000000008e500000| Complete 
| 230|0x000000008e600000, 0x000000008e700000, 0x000000008e700000|100%| E|CS|TAMS 0x000000008e600000, 0x000000008e600000| Complete 
| 231|0x000000008e700000, 0x000000008e800000, 0x000000008e800000|100%| E|CS|TAMS 0x000000008e700000, 0x000000008e700000| Complete 
| 232|0x000000008e800000, 0x000000008e900000, 0x000000008e900000|100%| E|CS|TAMS 0x000000008e800000, 0x000000008e800000| Complete 
| 233|0x000000008e900000, 0x000000008ea00000, 0x000000008ea00000|100%| E|CS|TAMS 0x000000008e900000, 0x000000008e900000| Complete 
| 234|0x000000008ea00000, 0x000000008eb00000, 0x000000008eb00000|100%| E|CS|TAMS 0x000000008ea00000, 0x000000008ea00000| Complete 
| 235|0x000000008eb00000, 0x000000008ec00000, 0x000000008ec00000|100%| E|CS|TAMS 0x000000008eb00000, 0x000000008eb00000| Complete 
| 236|0x000000008ec00000, 0x000000008ed00000, 0x000000008ed00000|100%| E|CS|TAMS 0x000000008ec00000, 0x000000008ec00000| Complete 
| 237|0x000000008ed00000, 0x000000008ee00000, 0x000000008ee00000|100%| E|CS|TAMS 0x000000008ed00000, 0x000000008ed00000| Complete 
| 238|0x000000008ee00000, 0x000000008ef00000, 0x000000008ef00000|100%| E|CS|TAMS 0x000000008ee00000, 0x000000008ee00000| Complete 
| 239|0x000000008ef00000, 0x000000008f000000, 0x000000008f000000|100%| E|CS|TAMS 0x000000008ef00000, 0x000000008ef00000| Complete 
| 240|0x000000008f000000, 0x000000008f100000, 0x000000008f100000|100%| E|CS|TAMS 0x000000008f000000, 0x000000008f000000| Complete 
| 241|0x000000008f100000, 0x000000008f200000, 0x000000008f200000|100%| E|CS|TAMS 0x000000008f100000, 0x000000008f100000| Complete 
| 242|0x000000008f200000, 0x000000008f300000, 0x000000008f300000|100%| E|CS|TAMS 0x000000008f200000, 0x000000008f200000| Complete 
| 243|0x000000008f300000, 0x000000008f400000, 0x000000008f400000|100%| E|CS|TAMS 0x000000008f300000, 0x000000008f300000| Complete 
| 244|0x000000008f400000, 0x000000008f500000, 0x000000008f500000|100%| E|CS|TAMS 0x000000008f400000, 0x000000008f400000| Complete 
| 245|0x000000008f500000, 0x000000008f600000, 0x000000008f600000|100%| E|CS|TAMS 0x000000008f500000, 0x000000008f500000| Complete 
| 246|0x000000008f600000, 0x000000008f700000, 0x000000008f700000|100%| E|CS|TAMS 0x000000008f600000, 0x000000008f600000| Complete 
| 247|0x000000008f700000, 0x000000008f800000, 0x000000008f800000|100%| E|CS|TAMS 0x000000008f700000, 0x000000008f700000| Complete 
| 248|0x000000008f800000, 0x000000008f900000, 0x000000008f900000|100%| E|CS|TAMS 0x000000008f800000, 0x000000008f800000| Complete 
| 249|0x000000008f900000, 0x000000008fa00000, 0x000000008fa00000|100%| E|CS|TAMS 0x000000008f900000, 0x000000008f900000| Complete 
| 250|0x000000008fa00000, 0x000000008fb00000, 0x000000008fb00000|100%| E|CS|TAMS 0x000000008fa00000, 0x000000008fa00000| Complete 
| 251|0x000000008fb00000, 0x000000008fc00000, 0x000000008fc00000|100%| E|CS|TAMS 0x000000008fb00000, 0x000000008fb00000| Complete 
| 252|0x000000008fc00000, 0x000000008fd00000, 0x000000008fd00000|100%| E|CS|TAMS 0x000000008fc00000, 0x000000008fc00000| Complete 
| 253|0x000000008fd00000, 0x000000008fe00000, 0x000000008fe00000|100%| E|CS|TAMS 0x000000008fd00000, 0x000000008fd00000| Complete 
| 254|0x000000008fe00000, 0x000000008ff00000, 0x000000008ff00000|100%| E|CS|TAMS 0x000000008fe00000, 0x000000008fe00000| Complete 
| 255|0x000000008ff00000, 0x0000000090000000, 0x0000000090000000|100%| E|CS|TAMS 0x000000008ff00000, 0x000000008ff00000| Complete 
| 256|0x0000000090000000, 0x0000000090100000, 0x0000000090100000|100%| E|CS|TAMS 0x0000000090000000, 0x0000000090000000| Complete 
| 257|0x0000000090100000, 0x0000000090200000, 0x0000000090200000|100%| E|CS|TAMS 0x0000000090100000, 0x0000000090100000| Complete 
| 258|0x0000000090200000, 0x0000000090300000, 0x0000000090300000|100%| E|CS|TAMS 0x0000000090200000, 0x0000000090200000| Complete 
| 259|0x0000000090300000, 0x0000000090400000, 0x0000000090400000|100%| E|CS|TAMS 0x0000000090300000, 0x0000000090300000| Complete 
| 260|0x0000000090400000, 0x0000000090500000, 0x0000000090500000|100%| E|CS|TAMS 0x0000000090400000, 0x0000000090400000| Complete 
| 261|0x0000000090500000, 0x0000000090600000, 0x0000000090600000|100%| E|CS|TAMS 0x0000000090500000, 0x0000000090500000| Complete 
| 262|0x0000000090600000, 0x0000000090700000, 0x0000000090700000|100%| E|CS|TAMS 0x0000000090600000, 0x0000000090600000| Complete 
| 263|0x0000000090700000, 0x0000000090800000, 0x0000000090800000|100%| E|CS|TAMS 0x0000000090700000, 0x0000000090700000| Complete 
| 264|0x0000000090800000, 0x0000000090900000, 0x0000000090900000|100%| E|CS|TAMS 0x0000000090800000, 0x0000000090800000| Complete 
| 265|0x0000000090900000, 0x0000000090a00000, 0x0000000090a00000|100%| E|CS|TAMS 0x0000000090900000, 0x0000000090900000| Complete 
| 266|0x0000000090a00000, 0x0000000090b00000, 0x0000000090b00000|100%| E|CS|TAMS 0x0000000090a00000, 0x0000000090a00000| Complete 
| 267|0x0000000090b00000, 0x0000000090c00000, 0x0000000090c00000|100%| E|CS|TAMS 0x0000000090b00000, 0x0000000090b00000| Complete 
| 268|0x0000000090c00000, 0x0000000090d00000, 0x0000000090d00000|100%| E|CS|TAMS 0x0000000090c00000, 0x0000000090c00000| Complete 
| 269|0x0000000090d00000, 0x0000000090e00000, 0x0000000090e00000|100%| E|CS|TAMS 0x0000000090d00000, 0x0000000090d00000| Complete 
| 270|0x0000000090e00000, 0x0000000090f00000, 0x0000000090f00000|100%| E|CS|TAMS 0x0000000090e00000, 0x0000000090e00000| Complete 
| 271|0x0000000090f00000, 0x0000000091000000, 0x0000000091000000|100%| E|  |TAMS 0x0000000090f00000, 0x0000000090f00000| Complete 
| 272|0x0000000091000000, 0x0000000091100000, 0x0000000091100000|100%| E|CS|TAMS 0x0000000091000000, 0x0000000091000000| Complete 
| 273|0x0000000091100000, 0x0000000091200000, 0x0000000091200000|100%| E|CS|TAMS 0x0000000091100000, 0x0000000091100000| Complete 
| 274|0x0000000091200000, 0x0000000091300000, 0x0000000091300000|100%| E|CS|TAMS 0x0000000091200000, 0x0000000091200000| Complete 
| 275|0x0000000091300000, 0x0000000091400000, 0x0000000091400000|100%| E|CS|TAMS 0x0000000091300000, 0x0000000091300000| Complete 
| 276|0x0000000091400000, 0x0000000091500000, 0x0000000091500000|100%| E|CS|TAMS 0x0000000091400000, 0x0000000091400000| Complete 
| 277|0x0000000091500000, 0x0000000091600000, 0x0000000091600000|100%| E|CS|TAMS 0x0000000091500000, 0x0000000091500000| Complete 
| 278|0x0000000091600000, 0x0000000091700000, 0x0000000091700000|100%| E|CS|TAMS 0x0000000091600000, 0x0000000091600000| Complete 
| 279|0x0000000091700000, 0x0000000091800000, 0x0000000091800000|100%| E|CS|TAMS 0x0000000091700000, 0x0000000091700000| Complete 
| 280|0x0000000091800000, 0x0000000091900000, 0x0000000091900000|100%| E|CS|TAMS 0x0000000091800000, 0x0000000091800000| Complete 
| 281|0x0000000091900000, 0x0000000091a00000, 0x0000000091a00000|100%| E|CS|TAMS 0x0000000091900000, 0x0000000091900000| Complete 
| 282|0x0000000091a00000, 0x0000000091b00000, 0x0000000091b00000|100%| E|CS|TAMS 0x0000000091a00000, 0x0000000091a00000| Complete 
| 283|0x0000000091b00000, 0x0000000091c00000, 0x0000000091c00000|100%| E|CS|TAMS 0x0000000091b00000, 0x0000000091b00000| Complete 

Card table byte_map: [0x000001e66cb30000,0x000001e66cf30000] _byte_map_base: 0x000001e66c730000

Marking Bits (Prev, Next): (CMBitMap*) 0x000001e659fa6920, (CMBitMap*) 0x000001e659fa6960
 Prev Bits: [0x000001e66d330000, 0x000001e66f330000)
 Next Bits: [0x000001e66f330000, 0x000001e671330000)

Polling page: 0x000001e6596b0000

Metaspace:

Usage:
  Non-class:    124.86 MB used.
      Class:     19.07 MB used.
       Both:    143.93 MB used.

Virtual space:
  Non-class space:      128.00 MB reserved,     125.56 MB ( 98%) committed,  16 nodes.
      Class space:        1.00 GB reserved,      19.75 MB (  2%) committed,  1 nodes.
             Both:        1.12 GB reserved,     145.31 MB ( 13%) committed. 

Chunk freelists:
   Non-Class:  2.19 MB
       Class:  162.00 KB
        Both:  2.35 MB

MaxMetaspaceSize: unlimited
CompressedClassSpaceSize: 1.00 GB
Initial GC threshold: 21.00 MB
Current GC threshold: 241.38 MB
CDS: off
MetaspaceReclaimPolicy: balanced
 - commit_granule_bytes: 65536.
 - commit_granule_words: 8192.
 - virtual_space_node_default_size: 1048576.
 - enlarge_chunks_in_place: 1.
 - new_chunks_are_fully_committed: 0.
 - uncommit_free_chunks: 1.
 - use_allocation_guard: 0.
 - handle_deallocations: 1.


Internal statistics:

num_allocs_failed_limit: 9.
num_arena_births: 3194.
num_arena_deaths: 626.
num_vsnodes_births: 17.
num_vsnodes_deaths: 0.
num_space_committed: 2324.
num_space_uncommitted: 0.
num_chunks_returned_to_freelist: 824.
num_chunks_taken_from_freelist: 9420.
num_chunk_merges: 274.
num_chunk_splits: 5624.
num_chunks_enlarged: 3203.
num_purges: 10.
num_inconsistent_stats: 0.

CodeHeap 'non-profiled nmethods': size=120000Kb used=22224Kb max_used=22224Kb free=97775Kb
 bounds [0x000001e664ed0000, 0x000001e666490000, 0x000001e66c400000]
CodeHeap 'profiled nmethods': size=120000Kb used=50449Kb max_used=50449Kb free=69550Kb
 bounds [0x000001e65d400000, 0x000001e660550000, 0x000001e664930000]
CodeHeap 'non-nmethods': size=5760Kb used=2532Kb max_used=2623Kb free=3227Kb
 bounds [0x000001e664930000, 0x000001e664be0000, 0x000001e664ed0000]
 total_blobs=27323 nmethods=26253 adapters=981
 compilation: enabled
              stopped_count=0, restarted_count=0
 full_count=0

Compilation events (20 events):
Event: 19752.423 Thread 0x000001e67486ab00 34215       1       org.gradle.internal.serialize.ExceptionReplacingObjectOutputStream::getObjectTransformer (5 bytes)
Event: 19752.423 Thread 0x000001e67486ab00 nmethod 34215 0x000001e666483f90 code [0x000001e666484120, 0x000001e6664841f8]
Event: 19752.432 Thread 0x000001e67486ab00 34222       3       org.gradle.internal.serialize.ExceptionReplacingObjectOutputStream::replaceObject (11 bytes)
Event: 19752.433 Thread 0x000001e67486ab00 nmethod 34222 0x000001e660541710 code [0x000001e6605418c0, 0x000001e660541b28]
Event: 19752.433 Thread 0x000001e67486ab00 34224       3       java.util.AbstractList::indexOf (65 bytes)
Event: 19752.436 Thread 0x000001e67486ab00 nmethod 34224 0x000001e660541c10 code [0x000001e660541e60, 0x000001e6605427d8]
Event: 19752.436 Thread 0x000001e67486ab00 34223       3       org.gradle.internal.serialize.ExceptionPlaceholder$2::transform (70 bytes)
Event: 19752.436 Thread 0x000001e67486ab00 nmethod 34223 0x000001e660542a10 code [0x000001e660542c20, 0x000001e6605432f8]
Event: 19752.436 Thread 0x000001e67486ab00 34226       3       java.util.Collections::emptyListIterator (4 bytes)
Event: 19752.436 Thread 0x000001e67486ab00 nmethod 34226 0x000001e65e711e10 code [0x000001e65e711fa0, 0x000001e65e712098]
Event: 19752.437 Thread 0x000001e67486ab00 34225       3       java.util.Collections$EmptyList::listIterator (4 bytes)
Event: 19752.437 Thread 0x000001e67486ab00 nmethod 34225 0x000001e660543510 code [0x000001e6605436a0, 0x000001e660543818]
Event: 19752.442 Thread 0x000001e67486ab00 34227       3       java.io.ObjectStreamClass::matchFields (247 bytes)
Event: 19752.450 Thread 0x000001e67486ab00 nmethod 34227 0x000001e660543910 code [0x000001e660543dc0, 0x000001e660545ff8]
Event: 19752.452 Thread 0x000001e67486ab00 34228       3       java.io.ObjectOutputStream$BlockDataOutputStream::write (152 bytes)
Event: 19752.454 Thread 0x000001e67486ab00 nmethod 34228 0x000001e660546c90 code [0x000001e660546ec0, 0x000001e6605476d8]
Event: 19752.454 Thread 0x000001e67486ab00 34229   !   3       org.gradle.internal.serialize.ExceptionReplacingObjectOutputStream$1::transform (15 bytes)
Event: 19752.456 Thread 0x000001e67486ab00 nmethod 34229 0x000001e660547910 code [0x000001e660547b20, 0x000001e660548298]
Event: 19752.456 Thread 0x000001e67486ab00 34230       3       org.gradle.internal.serialize.ExceptionReplacingObjectOutputStream::doReplaceObject (25 bytes)
Event: 19752.458 Thread 0x000001e67486ab00 nmethod 34230 0x000001e660548590 code [0x000001e660548760, 0x000001e660548d28]

GC Heap History (20 events):
Event: 5960.977 GC heap before
{Heap before GC invocations=107 (full 1):
 garbage-first heap   total 296960K, used 166258K [0x0000000080000000, 0x0000000100000000)
  region size 1024K, 71 young (72704K), 6 survivors (6144K)
 Metaspace       used 144763K, committed 145728K, reserved 1179648K
  class space    used 19200K, committed 19712K, reserved 1048576K
}
Event: 5961.006 GC heap after
{Heap after GC invocations=108 (full 1):
 garbage-first heap   total 296960K, used 107040K [0x0000000080000000, 0x0000000100000000)
  region size 1024K, 9 young (9216K), 9 survivors (9216K)
 Metaspace       used 144763K, committed 145728K, reserved 1179648K
  class space    used 19200K, committed 19712K, reserved 1048576K
}
Event: 5981.675 GC heap before
{Heap before GC invocations=108 (full 1):
 garbage-first heap   total 296960K, used 176672K [0x0000000080000000, 0x0000000100000000)
  region size 1024K, 64 young (65536K), 9 survivors (9216K)
 Metaspace       used 144893K, committed 145920K, reserved 1179648K
  class space    used 19210K, committed 19712K, reserved 1048576K
}
Event: 5981.703 GC heap after
{Heap after GC invocations=109 (full 1):
 garbage-first heap   total 296960K, used 108122K [0x0000000080000000, 0x0000000100000000)
  region size 1024K, 4 young (4096K), 4 survivors (4096K)
 Metaspace       used 144893K, committed 145920K, reserved 1179648K
  class space    used 19210K, committed 19712K, reserved 1048576K
}
Event: 6354.144 GC heap before
{Heap before GC invocations=109 (full 1):
 garbage-first heap   total 296960K, used 212570K [0x0000000080000000, 0x0000000100000000)
  region size 1024K, 107 young (109568K), 4 survivors (4096K)
 Metaspace       used 145401K, committed 146432K, reserved 1179648K
  class space    used 19246K, committed 19776K, reserved 1048576K
}
Event: 6354.328 GC heap after
{Heap after GC invocations=110 (full 1):
 garbage-first heap   total 296960K, used 111868K [0x0000000080000000, 0x0000000100000000)
  region size 1024K, 8 young (8192K), 8 survivors (8192K)
 Metaspace       used 145401K, committed 146432K, reserved 1179648K
  class space    used 19246K, committed 19776K, reserved 1048576K
}
Event: 6364.721 GC heap before
{Heap before GC invocations=110 (full 1):
 garbage-first heap   total 296960K, used 151804K [0x0000000080000000, 0x0000000100000000)
  region size 1024K, 48 young (49152K), 8 survivors (8192K)
 Metaspace       used 145503K, committed 146496K, reserved 1179648K
  class space    used 19250K, committed 19776K, reserved 1048576K
}
Event: 6364.781 GC heap after
{Heap after GC invocations=111 (full 1):
 garbage-first heap   total 296960K, used 115531K [0x0000000080000000, 0x0000000100000000)
  region size 1024K, 4 young (4096K), 4 survivors (4096K)
 Metaspace       used 145503K, committed 146496K, reserved 1179648K
  class space    used 19250K, committed 19776K, reserved 1048576K
}
Event: 7242.803 GC heap before
{Heap before GC invocations=111 (full 1):
 garbage-first heap   total 296960K, used 156491K [0x0000000080000000, 0x0000000100000000)
  region size 1024K, 33 young (33792K), 4 survivors (4096K)
 Metaspace       used 145536K, committed 146560K, reserved 1179648K
  class space    used 19250K, committed 19776K, reserved 1048576K
}
Event: 7244.936 GC heap after
{Heap after GC invocations=112 (full 2):
 garbage-first heap   total 290816K, used 84097K [0x0000000080000000, 0x0000000100000000)
  region size 1024K, 0 young (0K), 0 survivors (0K)
 Metaspace       used 145426K, committed 146560K, reserved 1179648K
  class space    used 19223K, committed 19776K, reserved 1048576K
}
Event: 8504.459 GC heap before
{Heap before GC invocations=112 (full 2):
 garbage-first heap   total 290816K, used 192641K [0x0000000080000000, 0x0000000100000000)
  region size 1024K, 107 young (109568K), 0 survivors (0K)
 Metaspace       used 145720K, committed 146752K, reserved 1179648K
  class space    used 19238K, committed 19776K, reserved 1048576K
}
Event: 8504.708 GC heap after
{Heap after GC invocations=113 (full 2):
 garbage-first heap   total 290816K, used 94955K [0x0000000080000000, 0x0000000100000000)
  region size 1024K, 11 young (11264K), 11 survivors (11264K)
 Metaspace       used 145720K, committed 146752K, reserved 1179648K
  class space    used 19238K, committed 19776K, reserved 1048576K
}
Event: 8655.962 GC heap before
{Heap before GC invocations=113 (full 2):
 garbage-first heap   total 290816K, used 191211K [0x0000000080000000, 0x0000000100000000)
  region size 1024K, 93 young (95232K), 11 survivors (11264K)
 Metaspace       used 145901K, committed 146944K, reserved 1179648K
  class space    used 19242K, committed 19776K, reserved 1048576K
}
Event: 8655.994 GC heap after
{Heap after GC invocations=114 (full 2):
 garbage-first heap   total 290816K, used 93092K [0x0000000080000000, 0x0000000100000000)
  region size 1024K, 8 young (8192K), 8 survivors (8192K)
 Metaspace       used 145901K, committed 146944K, reserved 1179648K
  class space    used 19242K, committed 19776K, reserved 1048576K
}
Event: 10844.967 GC heap before
{Heap before GC invocations=114 (full 2):
 garbage-first heap   total 290816K, used 152484K [0x0000000080000000, 0x0000000100000000)
  region size 1024K, 68 young (69632K), 8 survivors (8192K)
 Metaspace       used 145960K, committed 147008K, reserved 1179648K
  class space    used 19242K, committed 19776K, reserved 1048576K
}
Event: 10846.040 GC heap after
{Heap after GC invocations=115 (full 3):
 garbage-first heap   total 290816K, used 84051K [0x0000000080000000, 0x0000000100000000)
  region size 1024K, 0 young (0K), 0 survivors (0K)
 Metaspace       used 145884K, committed 147008K, reserved 1179648K
  class space    used 19227K, committed 19776K, reserved 1048576K
}
Event: 17662.706 GC heap before
{Heap before GC invocations=115 (full 3):
 garbage-first heap   total 290816K, used 221267K [0x0000000080000000, 0x0000000100000000)
  region size 1024K, 134 young (137216K), 0 survivors (0K)
 Metaspace       used 145930K, committed 147008K, reserved 1179648K
  class space    used 19232K, committed 19776K, reserved 1048576K
}
Event: 17662.758 GC heap after
{Heap after GC invocations=116 (full 3):
 garbage-first heap   total 290816K, used 87123K [0x0000000080000000, 0x0000000100000000)
  region size 1024K, 3 young (3072K), 3 survivors (3072K)
 Metaspace       used 145930K, committed 147008K, reserved 1179648K
  class space    used 19232K, committed 19776K, reserved 1048576K
}
Event: 17668.303 GC heap before
{Heap before GC invocations=116 (full 3):
 garbage-first heap   total 290816K, used 146515K [0x0000000080000000, 0x0000000100000000)
  region size 1024K, 63 young (64512K), 3 survivors (3072K)
 Metaspace       used 146970K, committed 148288K, reserved 1179648K
  class space    used 19446K, committed 20096K, reserved 1048576K
}
Event: 17670.176 GC heap after
{Heap after GC invocations=117 (full 4):
 garbage-first heap   total 290816K, used 91923K [0x0000000080000000, 0x0000000100000000)
  region size 1024K, 0 young (0K), 0 survivors (0K)
 Metaspace       used 146681K, committed 148288K, reserved 1179648K
  class space    used 19391K, committed 20096K, reserved 1048576K
}

Dll operation events (2 events):
Event: 0.012 Loaded shared library C:\Program Files\Android\Android Studio\jbr\bin\java.dll
Event: 1.284 Loaded shared library C:\Program Files\Android\Android Studio\jbr\bin\verify.dll

Deoptimization events (20 events):
Event: 19752.411 Thread 0x000001e6777d17d0 Uncommon trap: trap_request=0xffffffde fr.pc=0x000001e665442488 relative=0x0000000000000188
Event: 19752.411 Thread 0x000001e6777d17d0 Uncommon trap: reason=class_check action=maybe_recompile pc=0x000001e665442488 method=java.lang.String.equals(Ljava/lang/Object;)Z @ 8 c2
Event: 19752.411 Thread 0x000001e6777d17d0 DEOPT PACKING pc=0x000001e665442488 sp=0x000000116a6fc830
Event: 19752.411 Thread 0x000001e6777d17d0 DEOPT UNPACKING pc=0x000001e66498a1a3 sp=0x000000116a6fc7c8 mode 2
Event: 19752.411 Thread 0x000001e6777d17d0 Uncommon trap: trap_request=0xffffffde fr.pc=0x000001e665442488 relative=0x0000000000000188
Event: 19752.411 Thread 0x000001e6777d17d0 Uncommon trap: reason=class_check action=maybe_recompile pc=0x000001e665442488 method=java.lang.String.equals(Ljava/lang/Object;)Z @ 8 c2
Event: 19752.411 Thread 0x000001e6777d17d0 DEOPT PACKING pc=0x000001e665442488 sp=0x000000116a6fc830
Event: 19752.411 Thread 0x000001e6777d17d0 DEOPT UNPACKING pc=0x000001e66498a1a3 sp=0x000000116a6fc7c8 mode 2
Event: 19752.411 Thread 0x000001e6777d17d0 Uncommon trap: trap_request=0xffffffde fr.pc=0x000001e665442488 relative=0x0000000000000188
Event: 19752.411 Thread 0x000001e6777d17d0 Uncommon trap: reason=class_check action=maybe_recompile pc=0x000001e665442488 method=java.lang.String.equals(Ljava/lang/Object;)Z @ 8 c2
Event: 19752.411 Thread 0x000001e6777d17d0 DEOPT PACKING pc=0x000001e665442488 sp=0x000000116a6fc830
Event: 19752.411 Thread 0x000001e6777d17d0 DEOPT UNPACKING pc=0x000001e66498a1a3 sp=0x000000116a6fc7c8 mode 2
Event: 19752.411 Thread 0x000001e6777d17d0 Uncommon trap: trap_request=0xffffffde fr.pc=0x000001e665442488 relative=0x0000000000000188
Event: 19752.411 Thread 0x000001e6777d17d0 Uncommon trap: reason=class_check action=maybe_recompile pc=0x000001e665442488 method=java.lang.String.equals(Ljava/lang/Object;)Z @ 8 c2
Event: 19752.411 Thread 0x000001e6777d17d0 DEOPT PACKING pc=0x000001e665442488 sp=0x000000116a6fc830
Event: 19752.411 Thread 0x000001e6777d17d0 DEOPT UNPACKING pc=0x000001e66498a1a3 sp=0x000000116a6fc7c8 mode 2
Event: 19752.446 Thread 0x000001e6777d17d0 Uncommon trap: trap_request=0xffffff45 fr.pc=0x000001e665c7d098 relative=0x00000000000001f8
Event: 19752.446 Thread 0x000001e6777d17d0 Uncommon trap: reason=unstable_if action=reinterpret pc=0x000001e665c7d098 method=java.io.ObjectOutputStream$BlockDataOutputStream.write([BIIZ)V @ 49 c2
Event: 19752.446 Thread 0x000001e6777d17d0 DEOPT PACKING pc=0x000001e665c7d098 sp=0x000000116a6fd420
Event: 19752.447 Thread 0x000001e6777d17d0 DEOPT UNPACKING pc=0x000001e66498a1a3 sp=0x000000116a6fd3c8 mode 2

Classes unloaded (20 events):
Event: 17668.956 Thread 0x000001e673a7dfe0 Unloading class 0x00000001006c1000 'java/lang/invoke/LambdaForm$MH+0x00000001006c1000'
Event: 17668.956 Thread 0x000001e673a7dfe0 Unloading class 0x00000001006c0800 'java/lang/invoke/LambdaForm$MH+0x00000001006c0800'
Event: 17668.956 Thread 0x000001e673a7dfe0 Unloading class 0x00000001006c0000 'java/lang/invoke/LambdaForm$MH+0x00000001006c0000'
Event: 17668.956 Thread 0x000001e673a7dfe0 Unloading class 0x00000001006bfc00 'java/lang/invoke/LambdaForm$MH+0x00000001006bfc00'
Event: 17668.956 Thread 0x000001e673a7dfe0 Unloading class 0x00000001006bf800 'java/lang/invoke/LambdaForm$MH+0x00000001006bf800'
Event: 17668.956 Thread 0x000001e673a7dfe0 Unloading class 0x00000001006bf400 'java/lang/invoke/LambdaForm$MH+0x00000001006bf400'
Event: 17668.956 Thread 0x000001e673a7dfe0 Unloading class 0x00000001006bf000 'java/lang/invoke/LambdaForm$MH+0x00000001006bf000'
Event: 17668.956 Thread 0x000001e673a7dfe0 Unloading class 0x00000001006bec00 'java/lang/invoke/LambdaForm$MH+0x00000001006bec00'
Event: 17668.956 Thread 0x000001e673a7dfe0 Unloading class 0x00000001006be800 'java/lang/invoke/LambdaForm$MH+0x00000001006be800'
Event: 17668.956 Thread 0x000001e673a7dfe0 Unloading class 0x00000001006be400 'java/lang/invoke/LambdaForm$MH+0x00000001006be400'
Event: 17668.956 Thread 0x000001e673a7dfe0 Unloading class 0x00000001006be000 'java/lang/invoke/LambdaForm$MH+0x00000001006be000'
Event: 17668.956 Thread 0x000001e673a7dfe0 Unloading class 0x00000001006bdc00 'java/lang/invoke/LambdaForm$MH+0x00000001006bdc00'
Event: 17668.956 Thread 0x000001e673a7dfe0 Unloading class 0x00000001006bd800 'java/lang/invoke/LambdaForm$MH+0x00000001006bd800'
Event: 17668.956 Thread 0x000001e673a7dfe0 Unloading class 0x00000001006bd400 'java/lang/invoke/LambdaForm$MH+0x00000001006bd400'
Event: 17668.957 Thread 0x000001e673a7dfe0 Unloading class 0x00000001006bc800 'java/lang/invoke/LambdaForm$MH+0x00000001006bc800'
Event: 17668.957 Thread 0x000001e673a7dfe0 Unloading class 0x00000001006bc400 'java/lang/invoke/LambdaForm$BMH+0x00000001006bc400'
Event: 17668.957 Thread 0x000001e673a7dfe0 Unloading class 0x0000000100638480 'org/gradle/plugin/use/PluginDependencySpec$apply$0'
Event: 17668.957 Thread 0x000001e673a7dfe0 Unloading class 0x0000000100638000 'org/gradle/plugin/use/PluginDependencySpec$version'
Event: 17668.957 Thread 0x000001e673a7dfe0 Unloading class 0x00000001005bd800 'org/gradle/api/provider/Property$set'
Event: 17668.957 Thread 0x000001e673a7dfe0 Unloading class 0x000000010059c000 'org/gradle/api/execution/TaskExecutionGraph$whenReady'

Classes redefined (0 events):
No events

Internal exceptions (20 events):
Event: 17820.319 Thread 0x000001e603f3f110 Exception <a 'java/net/ConnectException'{0x000000008feb42b8}: Connection refused: connect> (0x000000008feb42b8) 
thrown [s\src\hotspot\share\prims\jni.cpp, line 536]
Event: 17820.320 Thread 0x000001e603f3f110 Exception <a 'java/net/SocketException'{0x000000008feb45f0}: Socket is not connected: shutdown> (0x000000008feb45f0) 
thrown [s\src\hotspot\share\prims\jni.cpp, line 536]
Event: 17820.335 Thread 0x000001e603f3f110 Exception <a 'java/net/ConnectException'{0x000000008feb4e20}: Connection refused: connect> (0x000000008feb4e20) 
thrown [s\src\hotspot\share\prims\jni.cpp, line 536]
Event: 17820.336 Thread 0x000001e603f3f110 Exception <a 'java/net/SocketException'{0x000000008feb5158}: Socket is not connected: shutdown> (0x000000008feb5158) 
thrown [s\src\hotspot\share\prims\jni.cpp, line 536]
Event: 17965.692 Thread 0x000001e603f3f110 Exception <a 'java/net/ConnectException'{0x000000008fb02818}: Connection refused: connect> (0x000000008fb02818) 
thrown [s\src\hotspot\share\prims\jni.cpp, line 536]
Event: 17965.696 Thread 0x000001e603f3f110 Exception <a 'java/net/SocketException'{0x000000008fb02b50}: Socket is not connected: shutdown> (0x000000008fb02b50) 
thrown [s\src\hotspot\share\prims\jni.cpp, line 536]
Event: 17965.711 Thread 0x000001e603f3f110 Exception <a 'java/net/ConnectException'{0x000000008fb03380}: Connection refused: connect> (0x000000008fb03380) 
thrown [s\src\hotspot\share\prims\jni.cpp, line 536]
Event: 17965.711 Thread 0x000001e603f3f110 Exception <a 'java/net/SocketException'{0x000000008fb036b8}: Socket is not connected: shutdown> (0x000000008fb036b8) 
thrown [s\src\hotspot\share\prims\jni.cpp, line 536]
Event: 17965.723 Thread 0x000001e603f3f110 Exception <a 'java/net/ConnectException'{0x000000008fb03ee8}: Connection refused: connect> (0x000000008fb03ee8) 
thrown [s\src\hotspot\share\prims\jni.cpp, line 536]
Event: 17965.723 Thread 0x000001e603f3f110 Exception <a 'java/net/SocketException'{0x000000008fb04220}: Socket is not connected: shutdown> (0x000000008fb04220) 
thrown [s\src\hotspot\share\prims\jni.cpp, line 536]
Event: 18256.366 Thread 0x000001e603f3f110 Exception <a 'java/net/ConnectException'{0x000000008fb06828}: Connection refused: connect> (0x000000008fb06828) 
thrown [s\src\hotspot\share\prims\jni.cpp, line 536]
Event: 18256.371 Thread 0x000001e603f3f110 Exception <a 'java/net/SocketException'{0x000000008fb06b60}: Socket is not connected: shutdown> (0x000000008fb06b60) 
thrown [s\src\hotspot\share\prims\jni.cpp, line 536]
Event: 18256.387 Thread 0x000001e603f3f110 Exception <a 'java/net/ConnectException'{0x000000008fb07390}: Connection refused: connect> (0x000000008fb07390) 
thrown [s\src\hotspot\share\prims\jni.cpp, line 536]
Event: 18256.387 Thread 0x000001e603f3f110 Exception <a 'java/net/SocketException'{0x000000008fb076c8}: Socket is not connected: shutdown> (0x000000008fb076c8) 
thrown [s\src\hotspot\share\prims\jni.cpp, line 536]
Event: 18256.398 Thread 0x000001e603f3f110 Exception <a 'java/net/ConnectException'{0x000000008fb07ef8}: Connection refused: connect> (0x000000008fb07ef8) 
thrown [s\src\hotspot\share\prims\jni.cpp, line 536]
Event: 18256.398 Thread 0x000001e603f3f110 Exception <a 'java/net/SocketException'{0x000000008fb08230}: Socket is not connected: shutdown> (0x000000008fb08230) 
thrown [s\src\hotspot\share\prims\jni.cpp, line 536]
Event: 19749.233 Thread 0x000001e6777d17d0 Exception <a 'java/lang/NoSuchMethodError'{0x000000008d142480}: 'java.lang.Object java.lang.invoke.DelegatingMethodHandle$Holder.reinvoke_L(java.lang.Object, java.lang.Object, java.lang.Object, java.lang.Object, java.lang.Object, java.lang.Object, java.lang.Object, java.lang.Object, java.lang.Object, java.lang.Object, java.lang.Object, java.lang.Object, java.lang.Object, java.lang.Object, java.lang.Object, java.lang.Object, java.lang.Object, java.lang.Object, java.lang.Object, java.lang.Object, java.lang.O
Event: 19750.541 Thread 0x000001e6777d17d0 Exception <a 'java/lang/OutOfMemoryError'{0x000000008c88b9c0}: unable to create native thread: possibly out of memory or process/resource limits reached> (0x000000008c88b9c0) 
thrown [s\src\hotspot\share\prims\jvm.cpp, line 2926]
Event: 19751.131 Thread 0x000001e6777d1ca0 Exception <a 'java/lang/NoSuchMethodError'{0x000000008c7d5858}: static Lorg/gradle/internal/build/event/types/DefaultProjectConfigurationFailureResult;.<clinit>()V> (0x000000008c7d5858) 
thrown [s\src\hotspot\share\prims\jni.cpp, line 1108]
Event: 19751.231 Thread 0x000001e6777d1ca0 Exception <a 'java/lang/NoSuchMethodError'{0x000000008c608098}: static Lorg/gradle/internal/build/event/types/DefaultFailure;.<clinit>()V> (0x000000008c608098) 
thrown [s\src\hotspot\share\prims\jni.cpp, line 1108]

VM Operations (20 events):
Event: 19172.885 Executing VM operation: Cleanup
Event: 19172.895 Executing VM operation: Cleanup done
Event: 19745.132 Executing VM operation: Cleanup
Event: 19745.136 Executing VM operation: Cleanup done
Event: 19746.137 Executing VM operation: Cleanup
Event: 19746.138 Executing VM operation: Cleanup done
Event: 19747.138 Executing VM operation: Cleanup
Event: 19747.140 Executing VM operation: Cleanup done
Event: 19749.141 Executing VM operation: Cleanup
Event: 19749.146 Executing VM operation: Cleanup done
Event: 19750.147 Executing VM operation: Cleanup
Event: 19750.147 Executing VM operation: Cleanup done
Event: 19751.148 Executing VM operation: Cleanup
Event: 19751.203 Executing VM operation: Cleanup done
Event: 19752.104 Executing VM operation: HandshakeAllThreads
Event: 19752.113 Executing VM operation: HandshakeAllThreads done
Event: 19752.360 Executing VM operation: HandshakeAllThreads
Event: 19752.360 Executing VM operation: HandshakeAllThreads done
Event: 19752.360 Executing VM operation: Cleanup
Event: 19752.361 Executing VM operation: Cleanup done

Events (20 events):
Event: 19750.530 Thread 0x000001e67d997fc0 Thread added: 0x000001e67d997fc0
Event: 19750.531 Thread 0x000001e67d99a170 Thread added: 0x000001e67d99a170
Event: 19750.532 Thread 0x000001e67d997150 Thread added: 0x000001e67d997150
Event: 19750.532 Thread 0x000001e67d996c80 Thread added: 0x000001e67d996c80
Event: 19750.532 Thread 0x000001e67d998490 Thread added: 0x000001e67d998490
Event: 19750.533 Thread 0x000001e67d999ca0 Thread added: 0x000001e67d999ca0
Event: 19750.533 Thread 0x000001e67d997620 Thread added: 0x000001e67d997620
Event: 19750.534 Thread 0x000001e67d99b4b0 Thread added: 0x000001e67d99b4b0
Event: 19750.963 loading class java/lang/Throwable$WrappedPrintWriter
Event: 19750.979 loading class java/lang/Throwable$PrintStreamOrWriter
Event: 19750.985 loading class java/lang/Throwable$PrintStreamOrWriter done
Event: 19750.985 loading class java/lang/Throwable$WrappedPrintWriter done
Event: 19751.498 Thread 0x000001e6777d6e70 Thread exited: 0x000001e6777d6e70
Event: 19751.501 Thread 0x000001e6777d2fe0 Thread exited: 0x000001e6777d2fe0
Event: 19751.503 Thread 0x000001e6777d7340 Thread exited: 0x000001e6777d7340
Event: 19752.417 loading class java/util/Collections$EmptyListIterator
Event: 19752.425 loading class java/util/Collections$EmptyListIterator done
Event: 19752.454 Thread 0x000001e6777d47f0 Thread exited: 0x000001e6777d47f0
Event: 19752.456 Thread 0x000001e6777d7810 Thread exited: 0x000001e6777d7810
Event: 19752.461 Thread 0x000001e6777d4cc0 Thread exited: 0x000001e6777d4cc0


Dynamic libraries:
0x00007ff653cf0000 - 0x00007ff653cfa000 	C:\Program Files\Android\Android Studio\jbr\bin\java.exe
0x00007ffeaa600000 - 0x00007ffeaa809000 	C:\WINDOWS\SYSTEM32\ntdll.dll
0x00007ffea98c0000 - 0x00007ffea997e000 	C:\WINDOWS\System32\KERNEL32.DLL
0x00007ffea7d30000 - 0x00007ffea80b4000 	C:\WINDOWS\System32\KERNELBASE.dll
0x00007ffea7c10000 - 0x00007ffea7d21000 	C:\WINDOWS\System32\ucrtbase.dll
0x00007ffe8c900000 - 0x00007ffe8c917000 	C:\Program Files\Android\Android Studio\jbr\bin\jli.dll
0x00007ffe8c000000 - 0x00007ffe8c01b000 	C:\Program Files\Android\Android Studio\jbr\bin\VCRUNTIME140.dll
0x00007ffea8500000 - 0x00007ffea86ad000 	C:\WINDOWS\System32\USER32.dll
0x00007ffea82a0000 - 0x00007ffea82c6000 	C:\WINDOWS\System32\win32u.dll
0x00007ffea84d0000 - 0x00007ffea84fa000 	C:\WINDOWS\System32\GDI32.dll
0x00007ffea82d0000 - 0x00007ffea83ef000 	C:\WINDOWS\System32\gdi32full.dll
0x00007ffe8ea80000 - 0x00007ffe8ed25000 	C:\WINDOWS\WinSxS\amd64_microsoft.windows.common-controls_6595b64144ccf1df_6.0.22000.120_none_9d947278b86cc467\COMCTL32.dll
0x00007ffea8200000 - 0x00007ffea829d000 	C:\WINDOWS\System32\msvcp_win.dll
0x00007ffea9c10000 - 0x00007ffea9cb3000 	C:\WINDOWS\System32\msvcrt.dll
0x00007ffea9870000 - 0x00007ffea98a1000 	C:\WINDOWS\System32\IMM32.DLL
0x000000006cfa0000 - 0x000000006cfac000 	C:\Program Files (x86)\360\Total Security\safemon\SafeWrapper.dll
0x00007ffea9470000 - 0x00007ffea951f000 	C:\WINDOWS\System32\ADVAPI32.dll
0x00007ffea9b50000 - 0x00007ffea9bee000 	C:\WINDOWS\System32\sechost.dll
0x00007ffea9520000 - 0x00007ffea9641000 	C:\WINDOWS\System32\RPCRT4.dll
0x00007ffe77d90000 - 0x00007ffe77e22000 	C:\Program Files (x86)\360\Total Security\safemon\libzdtp64.dll
0x00007ffea8ca0000 - 0x00007ffea9465000 	C:\WINDOWS\System32\SHELL32.dll
0x00007ffeaa2f0000 - 0x00007ffeaa34d000 	C:\WINDOWS\System32\SHLWAPI.dll
0x00007ffea7450000 - 0x00007ffea745a000 	C:\WINDOWS\SYSTEM32\VERSION.dll
0x00007ffe8f8e0000 - 0x00007ffe8f8ec000 	C:\Program Files\Android\Android Studio\jbr\bin\vcruntime140_1.dll
0x00007ffe77700000 - 0x00007ffe7778d000 	C:\Program Files\Android\Android Studio\jbr\bin\msvcp140.dll
0x00007ffe6bfa0000 - 0x00007ffe6cc0d000 	C:\Program Files\Android\Android Studio\jbr\bin\server\jvm.dll
0x00007ffea1ad0000 - 0x00007ffea1b03000 	C:\WINDOWS\SYSTEM32\WINMM.dll
0x00007ffe954b0000 - 0x00007ffe954b9000 	C:\WINDOWS\SYSTEM32\WSOCK32.dll
0x00007ffea8460000 - 0x00007ffea84cf000 	C:\WINDOWS\System32\WS2_32.dll
0x00007ffea6a60000 - 0x00007ffea6a78000 	C:\WINDOWS\SYSTEM32\kernel.appcore.dll
0x00007ffea2a30000 - 0x00007ffea2a3a000 	C:\Program Files\Android\Android Studio\jbr\bin\jimage.dll
0x00007ffea5490000 - 0x00007ffea56b1000 	C:\WINDOWS\SYSTEM32\DBGHELP.DLL
0x00007ffe905c0000 - 0x00007ffe905f1000 	C:\WINDOWS\SYSTEM32\dbgcore.DLL
0x00007ffea80c0000 - 0x00007ffea813f000 	C:\WINDOWS\System32\bcryptPrimitives.dll
0x00007ffe972f0000 - 0x00007ffe97315000 	C:\Program Files\Android\Android Studio\jbr\bin\java.dll
0x00007ffe96080000 - 0x00007ffe96098000 	C:\Program Files\Android\Android Studio\jbr\bin\zip.dll
0x00007ffea5ac0000 - 0x00007ffea6324000 	C:\WINDOWS\SYSTEM32\windows.storage.dll
0x00007ffea9db0000 - 0x00007ffeaa126000 	C:\WINDOWS\System32\combase.dll
0x00007ffea5950000 - 0x00007ffea5ab7000 	C:\WINDOWS\SYSTEM32\wintypes.dll
0x00007ffea9a00000 - 0x00007ffea9aea000 	C:\WINDOWS\System32\SHCORE.dll
0x00007ffea79d0000 - 0x00007ffea79f1000 	C:\WINDOWS\SYSTEM32\profapi.dll
0x00007ffe95fe0000 - 0x00007ffe95ff9000 	C:\Program Files\Android\Android Studio\jbr\bin\net.dll
0x00007ffea1110000 - 0x00007ffea1223000 	C:\WINDOWS\SYSTEM32\WINHTTP.dll
0x00007ffea6f00000 - 0x00007ffea6f67000 	C:\WINDOWS\system32\mswsock.dll
0x00007ffe95420000 - 0x00007ffe95436000 	C:\Program Files\Android\Android Studio\jbr\bin\nio.dll
0x00007ffe98080000 - 0x00007ffe98090000 	C:\Program Files\Android\Android Studio\jbr\bin\verify.dll
0x00007ffe97430000 - 0x00007ffe97457000 	C:\Users\LENOVO\.gradle\native\68d5fa5c4cc2d200863cafc0d521ce42e7d3e7ee720ec0a83991735586a16f82\windows-amd64\native-platform.dll
0x00007ffe6e1a0000 - 0x00007ffe6e2e4000 	C:\Users\LENOVO\.gradle\native\e376f236ea51e6404a007f0833ffe2c6e607c4080706a723a18a27aeea778392\windows-amd64\native-platform-file-events.dll
0x00007ffea1c80000 - 0x00007ffea1c89000 	C:\Program Files\Android\Android Studio\jbr\bin\management.dll
0x00007ffe98c50000 - 0x00007ffe98c5b000 	C:\Program Files\Android\Android Studio\jbr\bin\management_ext.dll
0x00007ffea9980000 - 0x00007ffea9988000 	C:\WINDOWS\System32\PSAPI.DLL
0x00007ffea71d0000 - 0x00007ffea71e8000 	C:\WINDOWS\SYSTEM32\CRYPTSP.dll
0x00007ffea69c0000 - 0x00007ffea69f5000 	C:\WINDOWS\system32\rsaenh.dll
0x00007ffea6fa0000 - 0x00007ffea6fc9000 	C:\WINDOWS\SYSTEM32\USERENV.dll
0x00007ffea7320000 - 0x00007ffea7347000 	C:\WINDOWS\SYSTEM32\bcrypt.dll
0x00007ffea70f0000 - 0x00007ffea70fc000 	C:\WINDOWS\SYSTEM32\CRYPTBASE.dll
0x00007ffea6580000 - 0x00007ffea65ad000 	C:\WINDOWS\SYSTEM32\IPHLPAPI.DLL
0x00007ffea9770000 - 0x00007ffea9779000 	C:\WINDOWS\System32\NSI.dll
0x00007ffea0440000 - 0x00007ffea0459000 	C:\WINDOWS\SYSTEM32\dhcpcsvc6.DLL
0x00007ffea1ab0000 - 0x00007ffea1ace000 	C:\WINDOWS\SYSTEM32\dhcpcsvc.DLL
0x00007ffea65f0000 - 0x00007ffea66d7000 	C:\WINDOWS\SYSTEM32\DNSAPI.dll
0x00007ffe97eb0000 - 0x00007ffe97eb8000 	C:\WINDOWS\system32\wshunix.dll
0x00007ffe9fda0000 - 0x00007ffe9fdaa000 	C:\Windows\System32\rasadhlp.dll
0x00007ffe9f990000 - 0x00007ffe9fa12000 	C:\WINDOWS\System32\fwpuclnt.dll
0x00007ffea6a80000 - 0x00007ffea6ab4000 	C:\WINDOWS\SYSTEM32\ntmarta.dll
0x00007ffea4b50000 - 0x00007ffea4be2000 	C:\WINDOWS\system32\apphelp.dll
0x00007ffe8ba90000 - 0x00007ffe8baae000 	C:\Users\LENOVO\AppData\Local\Temp\native-platform2294346862498711885dir\native-platform.dll
0x00007ffe8c070000 - 0x00007ffe8c077000 	C:\Program Files\Android\Android Studio\jbr\bin\rmi.dll

dbghelp: loaded successfully - version: 4.0.5 - missing functions: none
symbol engine: initialized successfully - sym options: 0x614 - pdb path: .;C:\Program Files\Android\Android Studio\jbr\bin;C:\WINDOWS\SYSTEM32;C:\WINDOWS\WinSxS\amd64_microsoft.windows.common-controls_6595b64144ccf1df_6.0.22000.120_none_9d947278b86cc467;C:\Program Files (x86)\360\Total Security\safemon;C:\Program Files\Android\Android Studio\jbr\bin\server;C:\Users\LENOVO\.gradle\native\68d5fa5c4cc2d200863cafc0d521ce42e7d3e7ee720ec0a83991735586a16f82\windows-amd64;C:\Users\LENOVO\.gradle\native\e376f236ea51e6404a007f0833ffe2c6e607c4080706a723a18a27aeea778392\windows-amd64;C:\Users\LENOVO\AppData\Local\Temp\native-platform2294346862498711885dir

VM Arguments:
jvm_args: --add-opens=java.base/java.util=ALL-UNNAMED --add-opens=java.base/java.lang=ALL-UNNAMED --add-opens=java.base/java.lang.invoke=ALL-UNNAMED --add-opens=java.prefs/java.util.prefs=ALL-UNNAMED --add-opens=java.base/java.nio.charset=ALL-UNNAMED --add-opens=java.base/java.net=ALL-UNNAMED --add-opens=java.base/java.util.concurrent.atomic=ALL-UNNAMED -Xmx2048m -Dfile.encoding=UTF-8 -Duser.country=GB -Duser.language=en -Duser.variant 
java_command: org.gradle.launcher.daemon.bootstrap.GradleDaemon 8.0
java_class_path (initial): C:\Users\LENOVO\.gradle\wrapper\dists\gradle-8.0-bin\ca5e32bp14vu59qr306oxotwh\gradle-8.0\lib\gradle-launcher-8.0.jar
Launcher Type: SUN_STANDARD

[Global flags]
     intx CICompilerCount                          = 4                                         {product} {ergonomic}
     uint ConcGCThreads                            = 2                                         {product} {ergonomic}
     uint G1ConcRefinementThreads                  = 8                                         {product} {ergonomic}
   size_t G1HeapRegionSize                         = 1048576                                   {product} {ergonomic}
    uintx GCDrainStackTargetSize                   = 64                                        {product} {ergonomic}
   size_t InitialHeapSize                          = 130023424                                 {product} {ergonomic}
   size_t MarkStackSize                            = 4194304                                   {product} {ergonomic}
   size_t MaxHeapSize                              = 2147483648                                {product} {command line}
   size_t MaxNewSize                               = 1287651328                                {product} {ergonomic}
   size_t MinHeapDeltaBytes                        = 1048576                                   {product} {ergonomic}
   size_t MinHeapSize                              = 8388608                                   {product} {ergonomic}
    uintx NonNMethodCodeHeapSize                   = 5839372                                {pd product} {ergonomic}
    uintx NonProfiledCodeHeapSize                  = 122909434                              {pd product} {ergonomic}
    uintx ProfiledCodeHeapSize                     = 122909434                              {pd product} {ergonomic}
    uintx ReservedCodeCacheSize                    = 251658240                              {pd product} {ergonomic}
     bool SegmentedCodeCache                       = true                                      {product} {ergonomic}
   size_t SoftMaxHeapSize                          = 2147483648                             {manageable} {ergonomic}
     bool UseCompressedClassPointers               = true                           {product lp64_product} {ergonomic}
     bool UseCompressedOops                        = true                           {product lp64_product} {ergonomic}
     bool UseG1GC                                  = true                                      {product} {ergonomic}
     bool UseLargePagesIndividualAllocation        = false                                  {pd product} {ergonomic}

Logging:
Log output configuration:
 #0: stdout all=warning uptime,level,tags
 #1: stderr all=off uptime,level,tags

Environment Variables:
PATH=C:\Program Files (x86)\VMware\VMware Workstation\bin\;C:\Program Files\Common Files\Oracle\Java\javapath;C:\WINDOWS\system32;C:\WINDOWS;C:\WINDOWS\System32\Wbem;C:\WINDOWS\System32\WindowsPowerShell\v1.0\;C:\WINDOWS\System32\OpenSSH\;C:\Program Files\Git\cmd;C:\Users\LENOVO\AppData\Local\Microsoft\WindowsApps;C:\Users\LENOVO\AppData\Local\GitHubDesktop\bin
USERNAME=MARK
OS=Windows_NT
PROCESSOR_IDENTIFIER=Intel64 Family 6 Model 126 Stepping 5, GenuineIntel
TMP=C:\Users\LENOVO\AppData\Local\Temp
TEMP=C:\Users\LENOVO\AppData\Local\Temp



---------------  S Y S T E M  ---------------

OS:
 Windows 11 , 64 bit Build 22000 (10.0.22000.2003)
OS uptime: 9 days 15:47 hours
Hyper-V role detected

CPU: total 8 (initial active 8) (4 cores per cpu, 2 threads per core) family 6 model 126 stepping 5 microcode 0x86, cx8, cmov, fxsr, ht, mmx, 3dnowpref, sse, sse2, sse3, ssse3, sse4.1, sse4.2, popcnt, lzcnt, tsc, tscinvbit, avx, avx2, aes, erms, clmul, bmi1, bmi2, adx, avx512f, avx512dq, avx512cd, avx512bw, avx512vl, sha, fma, vzeroupper, avx512_vpopcntdq, avx512_vpclmulqdq, avx512_vaes, avx512_vnni, clflush, clflushopt, avx512_vbmi2, avx512_vbmi, hv

Memory: 4k page, system-wide physical 7934M (363M free)
TotalPageFile size 32510M (AvailPageFile size 4M)
current process WorkingSet (physical memory assigned to process): 217M, peak: 883M
current process commit charge ("private bytes"): 726M, peak: 1618M

vm_info: OpenJDK 64-Bit Server VM (17.0.6+0-b2043.56-9586694) for windows-amd64 JRE (17.0.6+0-b2043.56-9586694), built on Feb  9 2023 20:06:20 by "androidbuild" with MS VC++ 16.10 / 16.11 (VS2019)

END.
